This is XeTeX, Version 3.1415926-2.3-0.9997.5 (TeX Live 2011) (format=xelatex 2011.7.3)  5 SEP 2014 13:20
entering extended mode
 restricted \write18 enabled.
 file:line:error style messages enabled.
 %&-line parsing enabled.
**thesis.tex
(./thesis.tex
LaTeX2e <2009/09/24>
Babel <v3.8l> and hyphenation patterns for english, dumylang, nohyphenation, german-x-2009-06-19, ngerman-x-2009-06-19, afrikaans, ancientgreek, ibycus, arabic, armenian, basque, bulgarian, catalan, pinyin, coptic, croatian, czech, danish, dutch, ukenglish, usenglishmax, esperanto, estonian, ethiopic, farsi, finnish, french, galician, german, ngerman, swissgerman, monogreek, greek, hungarian, icelandic, assamese, bengali, gujarati, hindi, kannada, malayalam, marathi, oriya, panjabi, tamil, telugu, indonesian, interlingua, irish, italian, kurmanji, lao, latin, latvian, lithuanian, mongolian, mongolianlmc, bokmal, nynorsk, polish, portuguese, romanian, russian, sanskrit, serbian, serbianc, slovak, slovenian, spanish, swedish, turkish, turkmen, ukrainian, uppersorbian, welsh, loaded.
(./texfiles/typesetting.tex (/usr/local/texlive/2011/texmf-dist/tex/latex/base/report.cls
Document Class: report 2007/10/19 v1.4h Standard LaTeX document class
(/usr/local/texlive/2011/texmf-dist/tex/latex/base/size12.clo
File: size12.clo 2007/10/19 v1.4h Standard LaTeX file (size option)
)
\c@part=\count80
\c@chapter=\count81
\c@section=\count82
\c@subsection=\count83
\c@subsubsection=\count84
\c@paragraph=\count85
\c@subparagraph=\count86
\c@figure=\count87
\c@table=\count88
\abovecaptionskip=\skip41
\belowcaptionskip=\skip42
\bibindent=\dimen102
) (/usr/local/texlive/2011/texmf-dist/tex/latex/natbib/natbib.sty
Package: natbib 2010/09/13 8.31b (PWD, AO)
\bibhang=\skip43
\bibsep=\skip44
LaTeX Info: Redefining \cite on input line 694.
\c@NAT@ctr=\count89
) (./style/aas_macros.sty) (./style/noindent.sty) (/usr/local/texlive/2011/texmf-dist/tex/latex/graphics/graphicx.sty
Package: graphicx 1999/02/16 v1.0f Enhanced LaTeX Graphics (DPC,SPQR)
 (/usr/local/texlive/2011/texmf-dist/tex/latex/graphics/keyval.sty
Package: keyval 1999/03/16 v1.13 key=value parser (DPC)
\KV@toks@=\toks14
) (/usr/local/texlive/2011/texmf-dist/tex/latex/graphics/graphics.sty
Package: graphics 2009/02/05 v1.0o Standard LaTeX Graphics (DPC,SPQR)
 (/usr/local/texlive/2011/texmf-dist/tex/latex/graphics/trig.sty
Package: trig 1999/03/16 v1.09 sin cos tan (DPC)
) (/usr/local/texlive/2011/texmf-dist/tex/latex/latexconfig/graphics.cfg
File: graphics.cfg 2010/04/23 v1.9 graphics configuration of TeX Live
)
Package graphics Info: Driver file: xetex.def on input line 91.
 (/usr/local/texlive/2011/texmf-dist/tex/xelatex/xetex-def/xetex.def
File: xetex.def 2009/11/22 v0.94 LaTeX color/graphics driver for XeTeX (RRM/JK)
))
\Gin@req@height=\dimen103
\Gin@req@width=\dimen104
) (/usr/local/texlive/2011/texmf-dist/tex/latex/fancyhdr/fancyhdr.sty
\fancy@headwidth=\skip45
\f@ncyO@elh=\skip46
\f@ncyO@erh=\skip47
\f@ncyO@olh=\skip48
\f@ncyO@orh=\skip49
\f@ncyO@elf=\skip50
\f@ncyO@erf=\skip51
\f@ncyO@olf=\skip52
\f@ncyO@orf=\skip53
) (/usr/local/texlive/2011/texmf-dist/tex/latex/tools/longtable.sty
Package: longtable 2004/02/01 v4.11 Multi-page Table package (DPC)
\LTleft=\skip54
\LTright=\skip55
\LTpre=\skip56
\LTpost=\skip57
\LTchunksize=\count90
\LTcapwidth=\dimen105
\LT@head=\box26
\LT@firsthead=\box27
\LT@foot=\box28
\LT@lastfoot=\box29
\LT@cols=\count91
\LT@rows=\count92
\c@LT@tables=\count93
\c@LT@chunks=\count94
\LT@p@ftn=\toks15
) (./style/import.sty) (/usr/local/texlive/2011/texmf-dist/tex/latex/psnfss/times.sty
Package: times 2005/04/12 PSNFSS-v9.2a (SPQR) 
) (/usr/local/texlive/2011/texmf-dist/tex/latex/psnfss/helvet.sty
Package: helvet 2005/04/12 PSNFSS-v9.2a (WaS) 
) (/usr/local/texlive/2011/texmf-dist/tex/latex/multirow/bigstrut.sty
\bigstrutjot=\dimen106
) (/usr/local/texlive/2011/texmf-dist/tex/latex/pict2e/pict2e.sty
Package: pict2e 2011/04/05 v0.2y Improved picture commands (HjG,RN,JT)
 (/usr/local/texlive/2011/texmf-dist/tex/latex/pict2e/pict2e.cfg
File: pict2e.cfg 2011/04/05 v0.1t pict2e configuration for teTeX/TeXLive
)
Package pict2e Info: Driver file: xetex.def on input line 119.
Package pict2e Info: Driver file for pict2e: p2e-xetex.def on input line 121.
 (/usr/local/texlive/2011/texmf-dist/tex/latex/pict2e/p2e-xetex.def
File: p2e-xetex.def 2011/04/05 v0.1t Driver-dependant file (RN,HjG,JT)
)
\pIIe@GRAPH=\toks16
\@arclen=\dimen107
\@arcrad=\dimen108
\@tempdimd=\dimen109
) (/usr/local/texlive/2011/texmf-dist/tex/latex/caption/caption.sty
Package: caption 2010/01/09 v3.1m Customizing captions (AR)
 (/usr/local/texlive/2011/texmf-dist/tex/latex/caption/caption3.sty
Package: caption3 2010/01/14 v3.1m caption3 kernel (AR)
\captionmargin=\dimen110
\captionmargin@=\dimen111
\captionwidth=\dimen112
\caption@indent=\dimen113
\caption@parindent=\dimen114
\caption@hangindent=\dimen115
)
\c@ContinuedFloat=\count95
Package caption Info: longtable package is loaded.
 (/usr/local/texlive/2011/texmf-dist/tex/latex/caption/ltcaption.sty
Package: ltcaption 2008/03/28 v1.2 longtable captions (AR)
)) (/usr/local/texlive/2011/texmf-dist/tex/latex/tools/multicol.sty
Package: multicol 2008/12/05 v1.6h multicolumn formatting (FMi)
\c@tracingmulticols=\count96
\mult@box=\box30
\multicol@leftmargin=\dimen116
\c@unbalance=\count97
\c@collectmore=\count98
\doublecol@number=\count99
\multicoltolerance=\count100
\multicolpretolerance=\count101
\full@width=\dimen117
\page@free=\dimen118
\premulticols=\dimen119
\postmulticols=\dimen120
\multicolsep=\skip58
\multicolbaselineskip=\skip59
\partial@page=\box31
\last@line=\box32
\mult@rightbox=\box33
\mult@grightbox=\box34
\mult@gfirstbox=\box35
\mult@firstbox=\box36
\@tempa=\box37
\@tempa=\box38
\@tempa=\box39
\@tempa=\box40
\@tempa=\box41
\@tempa=\box42
\@tempa=\box43
\@tempa=\box44
\@tempa=\box45
\@tempa=\box46
\@tempa=\box47
\@tempa=\box48
\@tempa=\box49
\@tempa=\box50
\@tempa=\box51
\@tempa=\box52
\@tempa=\box53
\c@columnbadness=\count102
\c@finalcolumnbadness=\count103
\last@try=\dimen121
\multicolovershoot=\dimen122
\multicolundershoot=\dimen123
\mult@nat@firstbox=\box54
\colbreak@box=\box55
) (./texfiles/mn2e_compat.tex
LaTeX Info: Redefining \rm on input line 18.
LaTeX Info: Redefining \sf on input line 19.
LaTeX Info: Redefining \tt on input line 20.
LaTeX Info: Redefining \bf on input line 21.
LaTeX Info: Redefining \it on input line 22.
LaTeX Info: Redefining \sl on input line 23.
LaTeX Info: Redefining \sc on input line 24.
LaTeX Info: Redefining \cal on input line 25.
LaTeX Info: Redefining \mit on input line 26.
\math@groups=\toks17
LaTeX Font Info:    Overwriting symbol font `symbols' in version `bold'
(Font)                  OMS/cmsy/b/n --> OMS/cmsy/b/n on input line 88.
\symbmisymbols=\mathgroup4
) (./texfiles/reg_margins.tex)

Package Fancyhdr Warning: \fancyhead's `E' option without twoside option is useless on input line 119.


Package Fancyhdr Warning: \fancyhead's `E' option without twoside option is useless on input line 121.

\epswidth=\skip60
\epsheight=\skip61
\@input{texfiles/macros.aux}
\openout2 = `texfiles/macros.aux'.

(./texfiles/macros.tex)) (/usr/local/texlive/2011/texmf-dist/tex/latex/amsfonts/amssymb.sty
Package: amssymb 2009/06/22 v3.00
 (/usr/local/texlive/2011/texmf-dist/tex/latex/amsfonts/amsfonts.sty
Package: amsfonts 2009/06/22 v3.00 Basic AMSFonts support
\@emptytoks=\toks18
\symAMSa=\mathgroup5
\symAMSb=\mathgroup6
LaTeX Font Info:    Overwriting math alphabet `\mathfrak' in version `bold'
(Font)                  U/euf/m/n --> U/euf/b/n on input line 96.
)) (/usr/local/texlive/2011/texmf-dist/tex/latex/amsmath/amsmath.sty
Package: amsmath 2000/07/18 v2.13 AMS math features
\@mathmargin=\skip62

For additional information on amsmath, use the `?' option.
(/usr/local/texlive/2011/texmf-dist/tex/latex/amsmath/amstext.sty
Package: amstext 2000/06/29 v2.01
 (/usr/local/texlive/2011/texmf-dist/tex/latex/amsmath/amsgen.sty
File: amsgen.sty 1999/11/30 v2.0
\@emptytoks=\toks19
\ex@=\dimen124
)) (/usr/local/texlive/2011/texmf-dist/tex/latex/amsmath/amsbsy.sty
Package: amsbsy 1999/11/29 v1.2d
\pmbraise@=\dimen125
) (/usr/local/texlive/2011/texmf-dist/tex/latex/amsmath/amsopn.sty
Package: amsopn 1999/12/14 v2.01 operator names
)
\inf@bad=\count104
LaTeX Info: Redefining \frac on input line 211.
\uproot@=\count105
\leftroot@=\count106
LaTeX Info: Redefining \overline on input line 307.
\classnum@=\count107
\DOTSCASE@=\count108
LaTeX Info: Redefining \ldots on input line 379.
LaTeX Info: Redefining \dots on input line 382.
LaTeX Info: Redefining \cdots on input line 467.
\Mathstrutbox@=\box56
\strutbox@=\box57
\big@size=\dimen126
LaTeX Font Info:    Redeclaring font encoding OML on input line 567.
LaTeX Font Info:    Redeclaring font encoding OMS on input line 568.
\macc@depth=\count109
\c@MaxMatrixCols=\count110
\dotsspace@=\muskip10
\c@parentequation=\count111
\dspbrk@lvl=\count112
\tag@help=\toks20
\row@=\count113
\column@=\count114
\maxfields@=\count115
\andhelp@=\toks21
\eqnshift@=\dimen127
\alignsep@=\dimen128
\tagshift@=\dimen129
\tagwidth@=\dimen130
\totwidth@=\dimen131
\lineht@=\dimen132
\@envbody=\toks22
\multlinegap=\skip63
\multlinetaggap=\skip64
\mathdisplay@stack=\toks23
LaTeX Info: Redefining \[ on input line 2666.
LaTeX Info: Redefining \] on input line 2667.
) (/usr/local/texlive/2011/texmf-dist/tex/latex/jknapltx/mathrsfs.sty
Package: mathrsfs 1996/01/01 Math RSFS package v1.0 (jk)
\symrsfs=\mathgroup7
) (/usr/local/texlive/2011/texmf-dist/tex/latex/graphics/color.sty
Package: color 2005/11/14 v1.0j Standard LaTeX Color (DPC)
 (/usr/local/texlive/2011/texmf-dist/tex/latex/latexconfig/color.cfg
File: color.cfg 2007/01/18 v1.5 color configuration of teTeX/TeXLive
)
Package color Info: Driver file: xetex.def on input line 130.
) (./thesis.aux

LaTeX Warning: Label `ch:chapter1_label' multiply defined.


LaTeX Warning: Label `ch:chapter2_label' multiply defined.


LaTeX Warning: Label `ap:appendix2_label' multiply defined.

)
\openout1 = `thesis.aux'.

LaTeX Font Info:    Checking defaults for OML/cmm/m/it on input line 14.
LaTeX Font Info:    ... okay on input line 14.
LaTeX Font Info:    Checking defaults for T1/cmr/m/n on input line 14.
LaTeX Font Info:    ... okay on input line 14.
LaTeX Font Info:    Checking defaults for OT1/cmr/m/n on input line 14.
LaTeX Font Info:    ... okay on input line 14.
LaTeX Font Info:    Checking defaults for OMS/cmsy/m/n on input line 14.
LaTeX Font Info:    ... okay on input line 14.
LaTeX Font Info:    Checking defaults for OMX/cmex/m/n on input line 14.
LaTeX Font Info:    ... okay on input line 14.
LaTeX Font Info:    Checking defaults for U/cmr/m/n on input line 14.
LaTeX Font Info:    ... okay on input line 14.
LaTeX Font Info:    Try loading font information for OT1+ptm on input line 14.
 (/usr/local/texlive/2011/texmf-dist/tex/latex/psnfss/ot1ptm.fd
File: ot1ptm.fd 2001/06/04 font definitions for OT1/ptm.
)
Package caption Info: Begin \AtBeginDocument code.
Package caption Info: End \AtBeginDocument code.
 (./preamble/title.tex
LaTeX Font Info:    Font shape `OT1/ptm/bx/n' in size <20.74> not available
(Font)              Font shape `OT1/ptm/b/n' tried instead on input line 15.
LaTeX Font Info:    Font shape `OT1/ptm/bx/n' in size <14.4> not available
(Font)              Font shape `OT1/ptm/b/n' tried instead on input line 19.
File: preamble/un_tf_blk.eps Graphic file (type eps)
 <preamble/un_tf_blk.eps> [1



]) (./preamble/quote.tex
LaTeX Font Info:    Font shape `OT1/ptm/bx/n' in size <12> not available
(Font)              Font shape `OT1/ptm/b/n' tried instead on input line 16.
LaTeX Font Info:    Try loading font information for U+msa on input line 21.
 (/usr/local/texlive/2011/texmf-dist/tex/latex/amsfonts/umsa.fd
File: umsa.fd 2009/06/22 v3.00 AMS symbols A
)
LaTeX Font Info:    Try loading font information for U+msb on input line 21.
 (/usr/local/texlive/2011/texmf-dist/tex/latex/amsfonts/umsb.fd
File: umsb.fd 2009/06/22 v3.00 AMS symbols B
)
LaTeX Font Info:    Try loading font information for U+rsfs on input line 21.
 (/usr/local/texlive/2011/texmf-dist/tex/latex/jknapltx/ursfs.fd
File: ursfs.fd 1998/03/24 rsfs font definition file (jk)
) [1

]) (./preamble/abstract.tex
LaTeX Font Info:    Font shape `OT1/ptm/bx/n' in size <24.88> not available
(Font)              Font shape `OT1/ptm/b/n' tried instead on input line 7.
 [2


]) (./preamble/acknow.tex [3


]) (./thesis.toc [1


])
\tf@toc=\write3
\openout3 = `thesis.toc'.

 [2] (./thesis.lof

Package natbib Warning: Citation `2007ApJ...670..928B' on page iii undefined on input line 11.


Package natbib Warning: Citation `2012ApJ...754...83B' on page iii undefined on input line 11.

[3

] [4]
Overfull \hbox (3.36584pt too wide) in paragraph at lines 24--24
 [][] []\OT1/ptm/m/n/12 Comparison of the re-cov-ered ver-sus in-put $\OML/cmm/m/it/12 M[]$ \OT1/ptm/m/n/12 for the full mock galaxy 
 []


Package natbib Warning: Citation `2007ApJ...670..928B' on page v undefined on input line 25.


Package natbib Warning: Citation `2009MNRAS.395.2196M' on page v undefined on input line 25.


Package natbib Warning: Citation `2011ApJ...737...90B' on page v undefined on input line 25.


Package natbib Warning: Citation `McLure:2013hh' on page v undefined on input line 25.


Package natbib Warning: Citation `Schenker:2013cl' on page v undefined on input line 25.


Package natbib Warning: Citation `Koekemoer:2013db' on page v undefined on input line 25.

[5]

Package natbib Warning: Citation `Gonzalez:2011dn' on page vi undefined on input line 26.


Package natbib Warning: Citation `Schechter:1976gl' on page vi undefined on input line 27.


Package natbib Warning: Citation `2007ApJ...670..928B' on page vi undefined on input line 27.


Package natbib Warning: Citation `Anonymous:96uKWdy6' on page vi undefined on input line 27.


Package natbib Warning: Citation `McLure:2013hh' on page vi undefined on input line 27.


Package natbib Warning: Citation `Moster:2011ip' on page vi undefined on input line 27.


Package natbib Warning: Citation `Schechter:1976gl' on page vi undefined on input line 28.


Package natbib Warning: Citation `Gonzalez:2011dn' on page vi undefined on input line 28.

[6]

Package natbib Warning: Citation `Croton:2006ew' on page vii undefined on input line 29.


Package natbib Warning: Citation `Somerville:2008ed' on page vii undefined on input line 29.


Package natbib Warning: Citation `Lu:2011hj' on page vii undefined on input line 29.


Package natbib Warning: Citation `Lu:2013ui' on page vii undefined on input line 29.


Package natbib Warning: Citation `Dave:2013bf' on page vii undefined on input line 29.


Package natbib Warning: Citation `Dekel:2013id' on page vii undefined on input line 31.


Package natbib Warning: Citation `Dave:2013bf' on page vii undefined on input line 31.


Package natbib Warning: Citation `Smit:2012is' on page vii undefined on input line 32.


Package natbib Warning: Citation `Behroozi:2013fg' on page vii undefined on input line 33.


Package natbib Warning: Citation `Anonymous:r_woy2UF' on page vii undefined on input line 33.


Package natbib Warning: Citation `Bouwens:2009ik' on page vii undefined on input line 33.


Package natbib Warning: Citation `2012ApJ...754...83B' on page vii undefined on input line 33.


Package natbib Warning: Citation `Smit:2012is' on page vii undefined on input line 33.


Package natbib Warning: Citation `McLure:2013hh' on page vii undefined on input line 33.


Package natbib Warning: Citation `Smit:2012is' on page vii undefined on input line 33.


Package natbib Warning: Citation `McLure:2013hh' on page vii undefined on input line 33.


Package natbib Warning: Citation `Dunlop:2013kp' on page vii undefined on input line 33.


Overfull \hbox (7.75665pt too wide) in paragraph at lines 33--33
 \OT1/ptm/m/n/12 empty black cir-cles show the cor-re-spond-ing es-ti-mates us-ing SFR$[]$, 
 []

)
\tf@lof=\write4
\openout4 = `thesis.lof'.

 [7] [8] (./thesis.lot

Package natbib Warning: Citation `Schechter:1976gl' on page ix undefined on input line 13.


Package natbib Warning: Citation `Schechter:1976gl' on page ix undefined on input line 15.


Package caption Warning: \label before \caption on input line 338.
See the caption package documentation for explanation.


LaTeX Warning: Reference `tab:mass_schecter' on page ix undefined on input line 16.

)
\tf@lot=\write5
\openout5 = `thesis.lot'.

 [9

] (./preamble/tpage.tex [1

]) (./chapter/chapter1/c1.tex
Chapter 1.
LaTeX Font Info:    Font shape `OT1/ptm/bx/n' in size <17.28> not available
(Font)              Font shape `OT1/ptm/b/n' tried instead on input line 9.

Package natbib Warning: Citation `ref1' on page 2 undefined on input line 17.


Package natbib Warning: Citation `ref1' on page 2 undefined on input line 19.


Package natbib Warning: Citation `ref2' on page 2 undefined on input line 19.

) (./chapter/chapter2/c2.tex [2


]
Chapter 2.
[3

]) (./chapter/chapter3/c3.tex [4]
Chapter 3.
[5

]

Package natbib Warning: Citation `Brammer:2008gn' on page 6 undefined on input line 26.


Package natbib Warning: Citation `1997A&A...326..950F' on page 6 undefined on input line 26.


Package natbib Warning: Citation `2010ApJ...719.1168E' on page 6 undefined on input line 26.

[6]

Package natbib Warning: Citation `Henriques:2012gs' on page 7 undefined on input line 29.

[7]
Invalid UTF-8 byte or sequence at line 58 replaced by U+FFFD.
Invalid UTF-8 byte or sequence at line 58 replaced by U+FFFD.
Invalid UTF-8 byte or sequence at line 58 replaced by U+FFFD.
Invalid UTF-8 byte or sequence at line 58 replaced by U+FFFD.
Invalid UTF-8 byte or sequence at line 58 replaced by U+FFFD.
Invalid UTF-8 byte or sequence at line 58 replaced by U+FFFD.
File: chapter/chapter3/plots/fig1.eps Graphic file (type eps)
 <chapter/chapter3/plots/fig1.eps>
LaTeX Font Info:    Font shape `OT1/ptm/bx/n' in size <10> not available
(Font)              Font shape `OT1/ptm/b/n' tried instead on input line 59.
 [8]

Package natbib Warning: Citation `Dahlen:2013eu' on page 9 undefined on input line 65.


Package natbib Warning: Citation `Dahlen:2013eu' on page 9 undefined on input line 67.


Package natbib Warning: Citation `Dahlen:2013eu' on page 9 undefined on input line 67.


Package natbib Warning: Citation `LeFvre:2004ge' on page 9 undefined on input line 71.


Package natbib Warning: Citation `Stanway:2004gu' on page 9 undefined on input line 71.


Package natbib Warning: Citation `Vanzella:2008hp' on page 9 undefined on input line 71.


Package natbib Warning: Citation `Hathi:2008ca' on page 9 undefined on input line 71.


Package natbib Warning: Citation `Popesso:2009ht' on page 9 undefined on input line 71.


Package natbib Warning: Citation `Wuyts:2009gv' on page 9 undefined on input line 71.


Package natbib Warning: Citation `Rhoads:2009eb' on page 9 undefined on input line 71.


Package natbib Warning: Citation `Vanzella:2009ez' on page 9 undefined on input line 71.


Package natbib Warning: Citation `Balestra:2010bt' on page 9 undefined on input line 71.


Package natbib Warning: Citation `Kurk:2012ej' on page 9 undefined on input line 71.

[9]

Package natbib Warning: Citation `2012ApJ...748..122P' on page 10 undefined on input line 76.


Package natbib Warning: Citation `Pirzkal:2013ug' on page 10 undefined on input line 76.


Package natbib Warning: Citation `2005ApJ...631..126D' on page 10 undefined on input line 78.


Package natbib Warning: Citation `2009MNRAS.395.2196M' on page 10 undefined on input line 78.


Package natbib Warning: Citation `McLure:2013hh' on page 10 undefined on input line 78.

[10]
Invalid UTF-8 byte or sequence at line 100 replaced by U+FFFD.
Invalid UTF-8 byte or sequence at line 100 replaced by U+FFFD.
Invalid UTF-8 byte or sequence at line 100 replaced by U+FFFD.
Invalid UTF-8 byte or sequence at line 100 replaced by U+FFFD.
Invalid UTF-8 byte or sequence at line 100 replaced by U+FFFD.
Invalid UTF-8 byte or sequence at line 100 replaced by U+FFFD.
Invalid UTF-8 byte or sequence at line 100 replaced by U+FFFD.
Invalid UTF-8 byte or sequence at line 100 replaced by U+FFFD.
File: chapter/chapter3/plots/fig2.eps Graphic file (type eps)
 <chapter/chapter3/plots/fig2.eps>

Package natbib Warning: Citation `2007ApJ...670..928B' on page 11 undefined on input line 101.


Package natbib Warning: Citation `2012ApJ...754...83B' on page 11 undefined on input line 101.


Package natbib Warning: Citation `2007ApJ...670..928B' on page 11 undefined on input line 101.


Package natbib Warning: Citation `2012ApJ...754...83B' on page 11 undefined on input line 101.


Package natbib Warning: Citation `2007ApJ...670..928B' on page 11 undefined on input line 107.


Package natbib Warning: Citation `2007ApJ...670..928B' on page 11 undefined on input line 107.


Package natbib Warning: Citation `2010ApJ...724..425D' on page 11 undefined on input line 107.

[11] [12]

Package natbib Warning: Citation `Somerville:2008ed' on page 13 undefined on input line 109.


Package natbib Warning: Citation `Somerville:2012cq' on page 13 undefined on input line 109.


Package natbib Warning: Citation `2010ApJ...724..425D' on page 13 undefined on input line 114.


Package natbib Warning: Citation `Somerville:2008ed' on page 13 undefined on input line 118.


Package natbib Warning: Citation `Somerville:2012cq' on page 13 undefined on input line 118.


Package natbib Warning: Citation `Somerville:2008ed' on page 13 undefined on input line 118.


Package natbib Warning: Citation `Lu:2013ui' on page 13 undefined on input line 118.

[13]

Package caption Warning: \label before \caption on input line 126.
See the caption package documentation for explanation.


LaTeX Warning: Reference `tab:eg_photom' on page 14 undefined on input line 122.


Overfull \hbox (244.02638pt too wide) in paragraph at lines 128--140
 [][] 
 []

Invalid UTF-8 byte or sequence at line 144 replaced by U+FFFD.
Invalid UTF-8 byte or sequence at line 144 replaced by U+FFFD.
Invalid UTF-8 byte or sequence at line 144 replaced by U+FFFD.
Invalid UTF-8 byte or sequence at line 144 replaced by U+FFFD.
Invalid UTF-8 byte or sequence at line 144 replaced by U+FFFD.
Invalid UTF-8 byte or sequence at line 144 replaced by U+FFFD.
Invalid UTF-8 byte or sequence at line 144 replaced by U+FFFD.
File: chapter/chapter3/plots/figA1.eps Graphic file (type eps)
<chapter/chapter3/plots/figA1.eps>

Package natbib Warning: Citation `2007ApJ...670..928B' on page 14 undefined on input line 149.

[14] [15]

Package caption Warning: \label before \caption on input line 126.
See the caption package documentation for explanation.


LaTeX Warning: Reference `tab:eg_photom' on page 16 undefined on input line 155.

Invalid UTF-8 byte or sequence at line 161 replaced by U+FFFD.
Invalid UTF-8 byte or sequence at line 161 replaced by U+FFFD.
Invalid UTF-8 byte or sequence at line 161 replaced by U+FFFD.
Invalid UTF-8 byte or sequence at line 161 replaced by U+FFFD.
Invalid UTF-8 byte or sequence at line 161 replaced by U+FFFD.
Invalid UTF-8 byte or sequence at line 161 replaced by U+FFFD.
Invalid UTF-8 byte or sequence at line 161 replaced by U+FFFD.
File: chapter/chapter3/plots/figA2a.eps Graphic file (type eps)
<chapter/chapter3/plots/figA2a.eps>
Invalid UTF-8 byte or sequence at line 162 replaced by U+FFFD.
Invalid UTF-8 byte or sequence at line 162 replaced by U+FFFD.
Invalid UTF-8 byte or sequence at line 162 replaced by U+FFFD.
Invalid UTF-8 byte or sequence at line 162 replaced by U+FFFD.
Invalid UTF-8 byte or sequence at line 162 replaced by U+FFFD.
Invalid UTF-8 byte or sequence at line 162 replaced by U+FFFD.
Invalid UTF-8 byte or sequence at line 162 replaced by U+FFFD.
File: chapter/chapter3/plots/figA2b.eps Graphic file (type eps)
 <chapter/chapter3/plots/figA2b.eps>

Package caption Warning: \label before \caption on input line 126.
See the caption package documentation for explanation.


LaTeX Warning: Reference `tab:eg_photom' on page 16 undefined on input line 167.

[16] [17] [18]
Invalid UTF-8 byte or sequence at line 179 replaced by U+FFFD.
Invalid UTF-8 byte or sequence at line 179 replaced by U+FFFD.
Invalid UTF-8 byte or sequence at line 179 replaced by U+FFFD.
Invalid UTF-8 byte or sequence at line 179 replaced by U+FFFD.
Invalid UTF-8 byte or sequence at line 179 replaced by U+FFFD.
Invalid UTF-8 byte or sequence at line 179 replaced by U+FFFD.
Invalid UTF-8 byte or sequence at line 179 replaced by U+FFFD.
Invalid UTF-8 byte or sequence at line 179 replaced by U+FFFD.
File: chapter/chapter3/plots/figA3a.eps Graphic file (type eps)
 <chapter/chapter3/plots/figA3a.eps>
Invalid UTF-8 byte or sequence at line 180 replaced by U+FFFD.
Invalid UTF-8 byte or sequence at line 180 replaced by U+FFFD.
Invalid UTF-8 byte or sequence at line 180 replaced by U+FFFD.
Invalid UTF-8 byte or sequence at line 180 replaced by U+FFFD.
Invalid UTF-8 byte or sequence at line 180 replaced by U+FFFD.
Invalid UTF-8 byte or sequence at line 180 replaced by U+FFFD.
Invalid UTF-8 byte or sequence at line 180 replaced by U+FFFD.
File: chapter/chapter3/plots/figA3b.eps Graphic file (type eps)
 <chapter/chapter3/plots/figA3b.eps>

Package natbib Warning: Citation `2012ApJ...754...83B' on page 19 undefined on input line 185.


Package natbib Warning: Citation `Giavalisco:2004et' on page 19 undefined on input line 185.


Package natbib Warning: Citation `2007ApJ...670..928B' on page 19 undefined on input line 187.


Package natbib Warning: Citation `2007ApJ...670..928B' on page 19 undefined on input line 187.

[19] [20]
Invalid UTF-8 byte or sequence at line 193 replaced by U+FFFD.
Invalid UTF-8 byte or sequence at line 193 replaced by U+FFFD.
Invalid UTF-8 byte or sequence at line 193 replaced by U+FFFD.
Invalid UTF-8 byte or sequence at line 193 replaced by U+FFFD.
Invalid UTF-8 byte or sequence at line 193 replaced by U+FFFD.
Invalid UTF-8 byte or sequence at line 193 replaced by U+FFFD.
File: chapter/chapter3/plots/figA4.eps Graphic file (type eps)
 <chapter/chapter3/plots/figA4.eps>
Invalid UTF-8 byte or sequence at line 201 replaced by U+FFFD.
Invalid UTF-8 byte or sequence at line 201 replaced by U+FFFD.
Invalid UTF-8 byte or sequence at line 201 replaced by U+FFFD.
Invalid UTF-8 byte or sequence at line 201 replaced by U+FFFD.
Invalid UTF-8 byte or sequence at line 201 replaced by U+FFFD.
Invalid UTF-8 byte or sequence at line 201 replaced by U+FFFD.
File: chapter/chapter3/plots/figA5.eps Graphic file (type eps)
 <chapter/chapter3/plots/figA5.eps> [21]) (./chapter/chapter4/c4.tex [22]
Chapter 4.

Package natbib Warning: Citation `Chabrier:2003ki' on page 23 undefined on input line 15.

[23

]

Package natbib Warning: Citation `Salmon:2014tm' on page 24 undefined on input line 24.

[24] [25]

LaTeX Warning: Command \r invalid in math mode on input line 58.


Overfull \hbox (5.09416pt too wide) in paragraph at lines 65--66
\OT1/ptm/m/n/12 In or-der to cal-cu-late UV star-formation rates, the rest frame ab-so-lute mag-ni-tudes (M$[]$)
 []

[26] [27]
Invalid UTF-8 byte or sequence at line 90 replaced by U+FFFD.
Invalid UTF-8 byte or sequence at line 90 replaced by U+FFFD.
Invalid UTF-8 byte or sequence at line 90 replaced by U+FFFD.
Invalid UTF-8 byte or sequence at line 90 replaced by U+FFFD.
Invalid UTF-8 byte or sequence at line 90 replaced by U+FFFD.
Invalid UTF-8 byte or sequence at line 90 replaced by U+FFFD.
File: chapter/chapter4/plots/fig3.eps Graphic file (type eps)
 <chapter/chapter4/plots/fig3.eps> [28] [29]
Invalid UTF-8 byte or sequence at line 112 replaced by U+FFFD.
Invalid UTF-8 byte or sequence at line 112 replaced by U+FFFD.
Invalid UTF-8 byte or sequence at line 112 replaced by U+FFFD.
Invalid UTF-8 byte or sequence at line 112 replaced by U+FFFD.
Invalid UTF-8 byte or sequence at line 112 replaced by U+FFFD.
Invalid UTF-8 byte or sequence at line 112 replaced by U+FFFD.
Invalid UTF-8 byte or sequence at line 112 replaced by U+FFFD.
File: chapter/chapter4/plots/fig4.eps Graphic file (type eps)
 <chapter/chapter4/plots/fig4.eps>
Overfull \hbox (99.58464pt too wide) in paragraph at lines 112--113
[][] 
 []

[30] [31]

LaTeX Warning: Command \r invalid in math mode on input line 129.

Invalid UTF-8 byte or sequence at line 132 replaced by U+FFFD.
Invalid UTF-8 byte or sequence at line 132 replaced by U+FFFD.
Invalid UTF-8 byte or sequence at line 132 replaced by U+FFFD.
Invalid UTF-8 byte or sequence at line 132 replaced by U+FFFD.
Invalid UTF-8 byte or sequence at line 132 replaced by U+FFFD.
Invalid UTF-8 byte or sequence at line 132 replaced by U+FFFD.
Invalid UTF-8 byte or sequence at line 132 replaced by U+FFFD.
Invalid UTF-8 byte or sequence at line 132 replaced by U+FFFD.
File: chapter/chapter4/plots/fig5.eps Graphic file (type eps)
<chapter/chapter4/plots/fig5.eps>

Package natbib Warning: Citation `Dunlop:2011jl' on page 32 undefined on input line 140.


Package natbib Warning: Citation `Wilkins:2011fs' on page 32 undefined on input line 140.


Package natbib Warning: Citation `2012ApJ...754...83B' on page 32 undefined on input line 140.


Package natbib Warning: Citation `Bouwens:2013vf' on page 32 undefined on input line 140.

[32]
Invalid UTF-8 byte or sequence at line 144 replaced by U+FFFD.
Invalid UTF-8 byte or sequence at line 144 replaced by U+FFFD.
Invalid UTF-8 byte or sequence at line 144 replaced by U+FFFD.
Invalid UTF-8 byte or sequence at line 144 replaced by U+FFFD.
Invalid UTF-8 byte or sequence at line 144 replaced by U+FFFD.
Invalid UTF-8 byte or sequence at line 144 replaced by U+FFFD.
File: chapter/chapter4/plots/figB1.eps Graphic file (type eps)
 <chapter/chapter4/plots/figB1.eps> [33]
Invalid UTF-8 byte or sequence at line 153 replaced by U+FFFD.
Invalid UTF-8 byte or sequence at line 153 replaced by U+FFFD.
Invalid UTF-8 byte or sequence at line 153 replaced by U+FFFD.
Invalid UTF-8 byte or sequence at line 153 replaced by U+FFFD.
Invalid UTF-8 byte or sequence at line 153 replaced by U+FFFD.
Invalid UTF-8 byte or sequence at line 153 replaced by U+FFFD.
File: chapter/chapter4/plots/figB2.eps Graphic file (type eps)
 <chapter/chapter4/plots/figB2.eps>
Invalid UTF-8 byte or sequence at line 162 replaced by U+FFFD.
Invalid UTF-8 byte or sequence at line 162 replaced by U+FFFD.
Invalid UTF-8 byte or sequence at line 162 replaced by U+FFFD.
Invalid UTF-8 byte or sequence at line 162 replaced by U+FFFD.
Invalid UTF-8 byte or sequence at line 162 replaced by U+FFFD.
Invalid UTF-8 byte or sequence at line 162 replaced by U+FFFD.
Invalid UTF-8 byte or sequence at line 162 replaced by U+FFFD.
Invalid UTF-8 byte or sequence at line 162 replaced by U+FFFD.
File: chapter/chapter4/plots/figB3.eps Graphic file (type eps)
 <chapter/chapter4/plots/figB3.eps>
Invalid UTF-8 byte or sequence at line 170 replaced by U+FFFD.
Invalid UTF-8 byte or sequence at line 170 replaced by U+FFFD.
Invalid UTF-8 byte or sequence at line 170 replaced by U+FFFD.
Invalid UTF-8 byte or sequence at line 170 replaced by U+FFFD.
Invalid UTF-8 byte or sequence at line 170 replaced by U+FFFD.
Invalid UTF-8 byte or sequence at line 170 replaced by U+FFFD.
Invalid UTF-8 byte or sequence at line 170 replaced by U+FFFD.
Invalid UTF-8 byte or sequence at line 170 replaced by U+FFFD.
File: chapter/chapter4/plots/fig6.eps Graphic file (type eps)
 <chapter/chapter4/plots/fig6.eps>

Package natbib Warning: Citation `Schmidt:1968wj' on page 34 undefined on input line 177.


Package natbib Warning: Citation `1980ApJ...235..694A' on page 34 undefined on input line 177.


Package natbib Warning: Citation `1993ApJ...404...51E' on page 34 undefined on input line 177.


Package natbib Warning: Citation `2005A&A...439..863I' on page 34 undefined on input line 177.

[34] [35] [36]
Invalid UTF-8 byte or sequence at line 211 replaced by U+FFFD.
Invalid UTF-8 byte or sequence at line 211 replaced by U+FFFD.
Invalid UTF-8 byte or sequence at line 211 replaced by U+FFFD.
Invalid UTF-8 byte or sequence at line 211 replaced by U+FFFD.
Invalid UTF-8 byte or sequence at line 211 replaced by U+FFFD.
Invalid UTF-8 byte or sequence at line 211 replaced by U+FFFD.
File: chapter/chapter4/plots/fig7.eps Graphic file (type eps)
 <chapter/chapter4/plots/fig7.eps>
Overfull \hbox (99.58464pt too wide) in paragraph at lines 211--212
[][] 
 []


Package natbib Warning: Citation `2007ApJ...670..928B' on page 37 undefined on input line 212.


Package natbib Warning: Citation `2009MNRAS.395.2196M' on page 37 undefined on input line 212.


Package natbib Warning: Citation `2011ApJ...737...90B' on page 37 undefined on input line 212.


Package natbib Warning: Citation `McLure:2013hh' on page 37 undefined on input line 212.


Package natbib Warning: Citation `Schenker:2013cl' on page 37 undefined on input line 212.


Package natbib Warning: Citation `Koekemoer:2013db' on page 37 undefined on input line 212.


Package natbib Warning: Citation `2007ApJ...670..928B' on page 37 undefined on input line 212.


Package natbib Warning: Citation `2009MNRAS.395.2196M' on page 37 undefined on input line 212.


Package natbib Warning: Citation `2011ApJ...737...90B' on page 37 undefined on input line 212.


Package natbib Warning: Citation `McLure:2013hh' on page 37 undefined on input line 212.


Package natbib Warning: Citation `Schenker:2013cl' on page 37 undefined on input line 212.


Package natbib Warning: Citation `Koekemoer:2013db' on page 37 undefined on input line 212.


Package natbib Warning: Citation `Schechter:1976gl' on page 37 undefined on input line 216.


Package natbib Warning: Citation `2011ApJ...737...90B' on page 37 undefined on input line 223.

[37]

Package natbib Warning: Citation `2007ApJ...670..928B' on page 38 undefined on input line 225.

[38]

Package natbib Warning: Citation `Schechter:1976gl' on page 39 undefined on input line 229.


Package natbib Warning: Citation `Schechter:1976gl' on page 39 undefined on input line 229.


Package natbib Warning: Citation `Gonzalez:2011dn' on page 39 undefined on input line 262.

[39]
Invalid UTF-8 byte or sequence at line 269 replaced by U+FFFD.
Invalid UTF-8 byte or sequence at line 269 replaced by U+FFFD.
Invalid UTF-8 byte or sequence at line 269 replaced by U+FFFD.
Invalid UTF-8 byte or sequence at line 269 replaced by U+FFFD.
Invalid UTF-8 byte or sequence at line 269 replaced by U+FFFD.
Invalid UTF-8 byte or sequence at line 269 replaced by U+FFFD.
File: chapter/chapter4/plots/fig8a.eps Graphic file (type eps)
 <chapter/chapter4/plots/fig8a.eps>
Invalid UTF-8 byte or sequence at line 270 replaced by U+FFFD.
Invalid UTF-8 byte or sequence at line 270 replaced by U+FFFD.
Invalid UTF-8 byte or sequence at line 270 replaced by U+FFFD.
Invalid UTF-8 byte or sequence at line 270 replaced by U+FFFD.
Invalid UTF-8 byte or sequence at line 270 replaced by U+FFFD.
Invalid UTF-8 byte or sequence at line 270 replaced by U+FFFD.
File: chapter/chapter4/plots/fig8b.eps Graphic file (type eps)
 <chapter/chapter4/plots/fig8b.eps>
Underfull \hbox (badness 10000) in paragraph at lines 269--271
[][]
 []


Package natbib Warning: Citation `Gonzalez:2011dn' on page 40 undefined on input line 271.


Package natbib Warning: Citation `Gonzalez:2011dn' on page 40 undefined on input line 271.


LaTeX Warning: Float too large for page by 46.12386pt on input line 273.


Package natbib Warning: Citation `Gonzalez:2011dn' on page 40 undefined on input line 275.


Package natbib Warning: Citation `Gonzalez:2011dn' on page 40 undefined on input line 275.


Package natbib Warning: Citation `Shim:2011cw' on page 40 undefined on input line 277.


Package natbib Warning: Citation `deBarros:2012wa' on page 40 undefined on input line 277.


Package natbib Warning: Citation `Schenker:2013ep' on page 40 undefined on input line 277.


Package natbib Warning: Citation `Stark:2013ix' on page 40 undefined on input line 277.


Package natbib Warning: Citation `Salmon:2014tm' on page 40 undefined on input line 279.


Package natbib Warning: Citation `Gonzalez:2011dn' on page 40 undefined on input line 279.

[40] [41]

Package natbib Warning: Citation `2012ApJ...754...83B' on page 42 undefined on input line 283.


Package natbib Warning: Citation `Dunlop:2011jl' on page 42 undefined on input line 283.


Package natbib Warning: Citation `Bouwens:2013vf' on page 42 undefined on input line 283.


Package natbib Warning: Citation `Rogers:2014bn' on page 42 undefined on input line 283.

[42]

Package natbib Warning: Citation `Wilkins:2013kh' on page 43 undefined on input line 315.


Package natbib Warning: Citation `2012ApJ...754...83B' on page 43 undefined on input line 315.


Package natbib Warning: Citation `Gonzalez:2011dn' on page 43 undefined on input line 315.


Package natbib Warning: Citation `Schechter:1976gl' on page 43 undefined on input line 321.


Package caption Warning: \label before \caption on input line 338.
See the caption package documentation for explanation.


LaTeX Warning: Reference `tab:mass_schecter' on page 43 undefined on input line 321.

[43]
Invalid UTF-8 byte or sequence at line 331 replaced by U+FFFD.
Invalid UTF-8 byte or sequence at line 331 replaced by U+FFFD.
Invalid UTF-8 byte or sequence at line 331 replaced by U+FFFD.
Invalid UTF-8 byte or sequence at line 331 replaced by U+FFFD.
Invalid UTF-8 byte or sequence at line 331 replaced by U+FFFD.
Invalid UTF-8 byte or sequence at line 331 replaced by U+FFFD.
File: chapter/chapter4/plots/fig9.eps Graphic file (type eps)
 <chapter/chapter4/plots/fig9.eps>

Package natbib Warning: Citation `Schechter:1976gl' on page 44 undefined on input line 332.


Package natbib Warning: Citation `2007ApJ...670..928B' on page 44 undefined on input line 332.


Package natbib Warning: Citation `Anonymous:96uKWdy6' on page 44 undefined on input line 332.


Package natbib Warning: Citation `McLure:2013hh' on page 44 undefined on input line 332.


Package natbib Warning: Citation `Moster:2011ip' on page 44 undefined on input line 332.


Package natbib Warning: Citation `Schechter:1976gl' on page 44 undefined on input line 332.


Package natbib Warning: Citation `2007ApJ...670..928B' on page 44 undefined on input line 332.


Package natbib Warning: Citation `Anonymous:96uKWdy6' on page 44 undefined on input line 332.


Package natbib Warning: Citation `McLure:2013hh' on page 44 undefined on input line 332.


Package natbib Warning: Citation `Moster:2011ip' on page 44 undefined on input line 332.


Package natbib Warning: Citation `Schechter:1976gl' on page 44 undefined on input line 339.


Package natbib Warning: Citation `Schechter:1976gl' on page 44 undefined on input line 339.

[44] [45]

Package natbib Warning: Citation `Moster:2011ip' on page 46 undefined on input line 363.


Package natbib Warning: Citation `Newman:2002fa' on page 46 undefined on input line 363.


Package natbib Warning: Citation `Newman:2002fa' on page 46 undefined on input line 363.


Package natbib Warning: Citation `Gonzalez:2011dn' on page 46 undefined on input line 365.


Package natbib Warning: Citation `2007ApJ...670..928B' on page 46 undefined on input line 365.


Package natbib Warning: Citation `Anonymous:96uKWdy6' on page 46 undefined on input line 365.


Package natbib Warning: Citation `McLure:2013hh' on page 46 undefined on input line 365.


Package natbib Warning: Citation `2011MNRAS.413..162C' on page 46 undefined on input line 370.


Package natbib Warning: Citation `2011MNRAS.413..162C' on page 46 undefined on input line 370.


Package natbib Warning: Citation `2011MNRAS.413..162C' on page 46 undefined on input line 370.


Package natbib Warning: Citation `Schechter:1976gl' on page 46 undefined on input line 370.


Package natbib Warning: Citation `Muzzin:2013bl' on page 46 undefined on input line 370.

[46]

Package natbib Warning: Citation `Santini:2012jq' on page 47 undefined on input line 372.


Package natbib Warning: Citation `Gonzalez:2011dn' on page 47 undefined on input line 376.


Package natbib Warning: Citation `Gonzalez:2011dn' on page 47 undefined on input line 376.


Package natbib Warning: Citation `Gonzalez:2011dn' on page 47 undefined on input line 376.

Invalid UTF-8 byte or sequence at line 380 replaced by U+FFFD.
Invalid UTF-8 byte or sequence at line 380 replaced by U+FFFD.
Invalid UTF-8 byte or sequence at line 380 replaced by U+FFFD.
Invalid UTF-8 byte or sequence at line 380 replaced by U+FFFD.
Invalid UTF-8 byte or sequence at line 380 replaced by U+FFFD.
Invalid UTF-8 byte or sequence at line 380 replaced by U+FFFD.
File: chapter/chapter4/plots/fig10.eps Graphic file (type eps)
<chapter/chapter4/plots/fig10.eps>

Package natbib Warning: Citation `Schechter:1976gl' on page 47 undefined on input line 381.


Package natbib Warning: Citation `Gonzalez:2011dn' on page 47 undefined on input line 381.


Package natbib Warning: Citation `Schechter:1976gl' on page 47 undefined on input line 381.


Package natbib Warning: Citation `Gonzalez:2011dn' on page 47 undefined on input line 381.

[47]

Package natbib Warning: Citation `Gonzalez:2011dn' on page 48 undefined on input line 387.


Package natbib Warning: Citation `2011MNRAS.413..162C' on page 48 undefined on input line 387.


Package natbib Warning: Citation `Santini:2012jq' on page 48 undefined on input line 387.


Package natbib Warning: Citation `Dave:2013bf' on page 48 undefined on input line 391.


Package natbib Warning: Citation `Croton:2006ew' on page 48 undefined on input line 391.


Package natbib Warning: Citation `Lu:2011hj' on page 48 undefined on input line 391.


Package natbib Warning: Citation `Somerville:2008ed' on page 48 undefined on input line 391.


Package natbib Warning: Citation `Somerville:2012cq' on page 48 undefined on input line 391.


Package natbib Warning: Citation `Somerville:2012cq' on page 48 undefined on input line 391.


Package natbib Warning: Citation `Lu:2013ui' on page 48 undefined on input line 391.

[48]

Package natbib Warning: Citation `Dave:2013bf' on page 49 undefined on input line 393.


Package natbib Warning: Citation `Croton:2006ew' on page 49 undefined on input line 393.


Package natbib Warning: Citation `Lu:2011hj' on page 49 undefined on input line 393.


Package natbib Warning: Citation `Somerville:2008ed' on page 49 undefined on input line 393.


Package natbib Warning: Citation `Somerville:2008ed' on page 49 undefined on input line 393.

Invalid UTF-8 byte or sequence at line 397 replaced by U+FFFD.
Invalid UTF-8 byte or sequence at line 397 replaced by U+FFFD.
Invalid UTF-8 byte or sequence at line 397 replaced by U+FFFD.
Invalid UTF-8 byte or sequence at line 397 replaced by U+FFFD.
Invalid UTF-8 byte or sequence at line 397 replaced by U+FFFD.
Invalid UTF-8 byte or sequence at line 397 replaced by U+FFFD.
File: chapter/chapter4/plots/fig11.eps Graphic file (type eps)
<chapter/chapter4/plots/fig11.eps>

Package natbib Warning: Citation `Croton:2006ew' on page 49 undefined on input line 398.


Package natbib Warning: Citation `Somerville:2008ed' on page 49 undefined on input line 398.


Package natbib Warning: Citation `Lu:2011hj' on page 49 undefined on input line 398.


Package natbib Warning: Citation `Lu:2013ui' on page 49 undefined on input line 398.


Package natbib Warning: Citation `Dave:2013bf' on page 49 undefined on input line 398.


Package natbib Warning: Citation `Croton:2006ew' on page 49 undefined on input line 398.


Package natbib Warning: Citation `Somerville:2008ed' on page 49 undefined on input line 398.


Package natbib Warning: Citation `Lu:2011hj' on page 49 undefined on input line 398.


Package natbib Warning: Citation `Lu:2013ui' on page 49 undefined on input line 398.


Package natbib Warning: Citation `Dave:2013bf' on page 49 undefined on input line 398.


Package natbib Warning: Citation `Dave:2013bf' on page 49 undefined on input line 402.


Package natbib Warning: Citation `Lu:2011hj' on page 49 undefined on input line 402.


Package natbib Warning: Citation `Lu:2011hj' on page 49 undefined on input line 404.


Package natbib Warning: Citation `Lu:2011hj' on page 49 undefined on input line 404.

[49]

Package natbib Warning: Citation `Schechter:1976gl' on page 50 undefined on input line 407.


Package caption Warning: \label before \caption on input line 419.
See the caption package documentation for explanation.


LaTeX Warning: Reference `tab:smd' on page 50 undefined on input line 407.

Invalid UTF-8 byte or sequence at line 411 replaced by U+FFFD.
Invalid UTF-8 byte or sequence at line 411 replaced by U+FFFD.
Invalid UTF-8 byte or sequence at line 411 replaced by U+FFFD.
Invalid UTF-8 byte or sequence at line 411 replaced by U+FFFD.
Invalid UTF-8 byte or sequence at line 411 replaced by U+FFFD.
Invalid UTF-8 byte or sequence at line 411 replaced by U+FFFD.
Invalid UTF-8 byte or sequence at line 411 replaced by U+FFFD.
Invalid UTF-8 byte or sequence at line 411 replaced by U+FFFD.
Invalid UTF-8 byte or sequence at line 411 replaced by U+FFFD.
Invalid UTF-8 byte or sequence at line 411 replaced by U+FFFD.
Invalid UTF-8 byte or sequence at line 411 replaced by U+FFFD.
File: chapter/chapter4/plots/fig12.eps Graphic file (type eps)
<chapter/chapter4/plots/fig12.eps>

Package caption Warning: \label before \caption on input line 338.
See the caption package documentation for explanation.


LaTeX Warning: Reference `tab:mass_schecter' on page 50 undefined on input line 420.


Package caption Warning: \label before \caption on input line 338.
See the caption package documentation for explanation.


LaTeX Warning: Reference `tab:mass_schecter' on page 50 undefined on input line 420.


Package natbib Warning: Citation `Gonzalez:2011dn' on page 50 undefined on input line 433.


Package natbib Warning: Citation `Stark:2013ix' on page 50 undefined on input line 433.


Package natbib Warning: Citation `Gonzalez:2011dn' on page 50 undefined on input line 435.


Package natbib Warning: Citation `Stark:2013ix' on page 50 undefined on input line 435.


Package natbib Warning: Citation `Santini:2012jq' on page 50 undefined on input line 435.


Package natbib Warning: Citation `PerezGonzalez:2008cq' on page 50 undefined on input line 435.


Package natbib Warning: Citation `Marchesini:2009ef' on page 50 undefined on input line 435.


Package natbib Warning: Citation `Dave:2013bf' on page 50 undefined on input line 435.

[50]

Package natbib Warning: Citation `Gonzalez:2010hm' on page 51 undefined on input line 439.


Package natbib Warning: Citation `2012ApJ...754...83B' on page 51 undefined on input line 439.


Package natbib Warning: Citation `Weinmann:2011hh' on page 51 undefined on input line 439.


Package natbib Warning: Citation `Weinmann:2011hh' on page 51 undefined on input line 439.


Package natbib Warning: Citation `Stark:2013ix' on page 51 undefined on input line 441.


Package natbib Warning: Citation `Gonzalez:2014do' on page 51 undefined on input line 441.

Invalid UTF-8 byte or sequence at line 445 replaced by U+FFFD.
Invalid UTF-8 byte or sequence at line 445 replaced by U+FFFD.
Invalid UTF-8 byte or sequence at line 445 replaced by U+FFFD.
Invalid UTF-8 byte or sequence at line 445 replaced by U+FFFD.
Invalid UTF-8 byte or sequence at line 445 replaced by U+FFFD.
Invalid UTF-8 byte or sequence at line 445 replaced by U+FFFD.
Invalid UTF-8 byte or sequence at line 445 replaced by U+FFFD.
File: chapter/chapter4/plots/fig13.eps Graphic file (type eps)
<chapter/chapter4/plots/fig13.eps>

Package natbib Warning: Citation `Dekel:2013id' on page 51 undefined on input line 446.


Package natbib Warning: Citation `Dave:2013bf' on page 51 undefined on input line 446.


Package natbib Warning: Citation `Dekel:2013id' on page 51 undefined on input line 446.


Package natbib Warning: Citation `Dave:2013bf' on page 51 undefined on input line 446.


Package natbib Warning: Citation `Gonzalez:2014do' on page 51 undefined on input line 450.


Package natbib Warning: Citation `Stark:2013ix' on page 51 undefined on input line 450.


Package natbib Warning: Citation `Stark:2013ix' on page 51 undefined on input line 450.

[51]

Package natbib Warning: Citation `Neistein:2007fg' on page 52 undefined on input line 452.


Package natbib Warning: Citation `Dekel:2013id' on page 52 undefined on input line 452.


Package natbib Warning: Citation `Dave:2013bf' on page 52 undefined on input line 452.


Overfull \hbox (0.95024pt too wide) in paragraph at lines 452--453
[]\OT1/ptm/m/n/12 Performing a sim-ple best fit to our ob-served sSFR across all four red-shift bins, weighted
 []

[52]

Package natbib Warning: Citation `Dave:2013bf' on page 53 undefined on input line 454.


Package natbib Warning: Citation `2007ApJ...670..156D' on page 53 undefined on input line 454.


Package natbib Warning: Citation `2012ApJ...754...25R' on page 53 undefined on input line 454.


Package natbib Warning: Citation `Gonzalez:2014do' on page 53 undefined on input line 454.


Package natbib Warning: Citation `deBarros:2012wa' on page 53 undefined on input line 456.


Package natbib Warning: Citation `2013A&A...549A...4S' on page 53 undefined on input line 456.


Package natbib Warning: Citation `Salmon:2014tm' on page 53 undefined on input line 456.


Package natbib Warning: Citation `Stark:2013ix' on page 53 undefined on input line 456.


Package natbib Warning: Citation `Smit:2013ud' on page 53 undefined on input line 456.


Package natbib Warning: Citation `Gonzalez:2014do' on page 53 undefined on input line 456.

[53]

Package natbib Warning: Citation `Smit:2012is' on page 54 undefined on input line 465.


Package natbib Warning: Citation `Smit:2012is' on page 54 undefined on input line 465.


Package natbib Warning: Citation `2007ApJ...670..928B' on page 54 undefined on input line 465.


Package natbib Warning: Citation `Anonymous:96uKWdy6' on page 54 undefined on input line 465.


Package natbib Warning: Citation `2012ApJ...754...83B' on page 54 undefined on input line 465.


Package natbib Warning: Citation `Smit:2012is' on page 54 undefined on input line 465.

Invalid UTF-8 byte or sequence at line 469 replaced by U+FFFD.
Invalid UTF-8 byte or sequence at line 469 replaced by U+FFFD.
Invalid UTF-8 byte or sequence at line 469 replaced by U+FFFD.
Invalid UTF-8 byte or sequence at line 469 replaced by U+FFFD.
Invalid UTF-8 byte or sequence at line 469 replaced by U+FFFD.
Invalid UTF-8 byte or sequence at line 469 replaced by U+FFFD.
File: chapter/chapter4/plots/fig14.eps Graphic file (type eps)
<chapter/chapter4/plots/fig14.eps>

Package natbib Warning: Citation `Smit:2012is' on page 54 undefined on input line 470.


Package natbib Warning: Citation `Smit:2012is' on page 54 undefined on input line 470.

Invalid UTF-8 byte or sequence at line 476 replaced by U+FFFD.
Invalid UTF-8 byte or sequence at line 476 replaced by U+FFFD.
Invalid UTF-8 byte or sequence at line 476 replaced by U+FFFD.
Invalid UTF-8 byte or sequence at line 476 replaced by U+FFFD.
Invalid UTF-8 byte or sequence at line 476 replaced by U+FFFD.
Invalid UTF-8 byte or sequence at line 476 replaced by U+FFFD.
Invalid UTF-8 byte or sequence at line 476 replaced by U+FFFD.
File: chapter/chapter4/plots/fig15.eps Graphic file (type eps)
<chapter/chapter4/plots/fig15.eps>

Package natbib Warning: Citation `Behroozi:2013fg' on page 54 undefined on input line 477.


Package natbib Warning: Citation `Anonymous:r_woy2UF' on page 54 undefined on input line 477.


Package natbib Warning: Citation `Bouwens:2009ik' on page 54 undefined on input line 477.


Package natbib Warning: Citation `2012ApJ...754...83B' on page 54 undefined on input line 477.


Package natbib Warning: Citation `Smit:2012is' on page 54 undefined on input line 477.


Package natbib Warning: Citation `McLure:2013hh' on page 54 undefined on input line 477.


Package natbib Warning: Citation `Smit:2012is' on page 54 undefined on input line 477.


Package natbib Warning: Citation `McLure:2013hh' on page 54 undefined on input line 477.


Package natbib Warning: Citation `Dunlop:2013kp' on page 54 undefined on input line 477.


Package natbib Warning: Citation `Behroozi:2013fg' on page 54 undefined on input line 477.


Package natbib Warning: Citation `Anonymous:r_woy2UF' on page 54 undefined on input line 477.


Package natbib Warning: Citation `Bouwens:2009ik' on page 54 undefined on input line 477.


Package natbib Warning: Citation `2012ApJ...754...83B' on page 54 undefined on input line 477.


Package natbib Warning: Citation `Smit:2012is' on page 54 undefined on input line 477.


Package natbib Warning: Citation `McLure:2013hh' on page 54 undefined on input line 477.


Package natbib Warning: Citation `Smit:2012is' on page 54 undefined on input line 477.


Package natbib Warning: Citation `McLure:2013hh' on page 54 undefined on input line 477.


Package natbib Warning: Citation `Dunlop:2013kp' on page 54 undefined on input line 477.


Package natbib Warning: Citation `Behroozi:2013fg' on page 54 undefined on input line 481.

[54]

Package natbib Warning: Citation `Smit:2012is' on page 55 undefined on input line 483.


Package natbib Warning: Citation `2012ApJ...754...83B' on page 55 undefined on input line 483.

[55]

Package natbib Warning: Citation `Bouwens:2013vf' on page 56 undefined on input line 485.


Package natbib Warning: Citation `2012ApJ...754...83B' on page 56 undefined on input line 485.


Package natbib Warning: Citation `Smit:2012is' on page 56 undefined on input line 485.


Package natbib Warning: Citation `Bouwens:2013vf' on page 56 undefined on input line 485.


Package natbib Warning: Citation `Dunlop:2013kp' on page 56 undefined on input line 487.


Package natbib Warning: Citation `McLure:2013hh' on page 56 undefined on input line 487.


Package natbib Warning: Citation `Bouwens:2013vf' on page 56 undefined on input line 487.


Package natbib Warning: Citation `Dunlop:2013kp' on page 56 undefined on input line 487.


Package natbib Warning: Citation `McLure:2013hh' on page 56 undefined on input line 487.


Package natbib Warning: Citation `Bouwens:2013vf' on page 56 undefined on input line 487.

[56]
LaTeX Font Info:    Try loading font information for OMS+ptm on input line 497.
 (/usr/local/texlive/2011/texmf-dist/tex/latex/psnfss/omsptm.fd
File: omsptm.fd 
)
LaTeX Font Info:    Font shape `OMS/ptm/m/n' in size <12> not available
(Font)              Font shape `OMS/cmsy/m/n' tried instead on input line 497.


Package natbib Warning: Citation `2012ApJ...754...83B' on page 57 undefined on input line 501.


Package natbib Warning: Citation `Smit:2012is' on page 57 undefined on input line 501.

[57]) (./appendix/appendices.tex [58] [59

]) (./appendix/app1/a1.tex
Appendix A.
) (./appendix/app2/a2.tex [60


]
Appendix B.
) [61

] (./thesis.bbl
Missing character: There is no  in font ptmri7t!
Missing character: There is no  in font ptmri7t!
 [62

]
Missing character: There is no  in font ptmri7t!
Missing character: There is no  in font ptmri7t!
Missing character: There is no  in font ptmri7t!
 [63]
Missing character: There is no  in font ptmri7t!
 [64]
Missing character: There is no  in font ptmri7t!
Missing character: There is no  in font ptmri7t!
Missing character: There is no  in font ptmri7t!
 [65]
Missing character: There is no  in font ptmri7t!
Missing character: There is no  in font ptmri7t!
Missing character: There is no  in font ptmri7t!
Missing character: There is no  in font ptmri7t!
Missing character: There is no  in font ptmri7t!
 [66]
Missing character: There is no  in font ptmri7t!
Missing character: There is no  in font ptmri7t!
Missing character: There is no  in font ptmri7t!
)

Package natbib Warning: There were undefined citations.

[67] (./thesis.aux)

LaTeX Warning: There were undefined references.


LaTeX Warning: There were multiply-defined labels.

 ) 
Here is how much of TeX's memory you used:
 4041 strings out of 494150
 57083 string characters out of 3152950
 118867 words of memory out of 3000000
 7143 multiletter control sequences out of 15000+200000
 25103 words of font info for 79 fonts, out of 3000000 for 9000
 1018 hyphenation exceptions out of 8191
 38i,12n,49p,1685b,404s stack positions out of 5000i,500n,10000p,200000b,50000s

Output written on thesis.pdf (80 pages).
