This is XeTeX, Version 3.1415926-2.3-0.9997.5 (TeX Live 2011) (format=xelatex 2011.7.3)  9 APR 2015 18:15
entering extended mode
 restricted \write18 enabled.
 file:line:error style messages enabled.
 %&-line parsing enabled.
**thesis.tex
(./thesis.tex
LaTeX2e <2009/09/24>
Babel <v3.8l> and hyphenation patterns for english, dumylang, nohyphenation, german-x-2009-06-19, ngerman-x-2009-06-19, afrikaans, ancientgreek, ibycus, arabic, armenian, basque, bulgarian, catalan, pinyin, coptic, croatian, czech, danish, dutch, ukenglish, usenglishmax, esperanto, estonian, ethiopic, farsi, finnish, french, galician, german, ngerman, swissgerman, monogreek, greek, hungarian, icelandic, assamese, bengali, gujarati, hindi, kannada, malayalam, marathi, oriya, panjabi, tamil, telugu, indonesian, interlingua, irish, italian, kurmanji, lao, latin, latvian, lithuanian, mongolian, mongolianlmc, bokmal, nynorsk, polish, portuguese, romanian, russian, sanskrit, serbian, serbianc, slovak, slovenian, spanish, swedish, turkish, turkmen, ukrainian, uppersorbian, welsh, loaded.
(./texfiles/typesetting.tex (/usr/local/texlive/2011/texmf-dist/tex/latex/base/report.cls
Document Class: report 2007/10/19 v1.4h Standard LaTeX document class
(/usr/local/texlive/2011/texmf-dist/tex/latex/base/size12.clo
File: size12.clo 2007/10/19 v1.4h Standard LaTeX file (size option)
)
\c@part=\count80
\c@chapter=\count81
\c@section=\count82
\c@subsection=\count83
\c@subsubsection=\count84
\c@paragraph=\count85
\c@subparagraph=\count86
\c@figure=\count87
\c@table=\count88
\abovecaptionskip=\skip41
\belowcaptionskip=\skip42
\bibindent=\dimen102
) (/usr/local/texlive/2011/texmf-dist/tex/latex/natbib/natbib.sty
Package: natbib 2010/09/13 8.31b (PWD, AO)
\bibhang=\skip43
\bibsep=\skip44
LaTeX Info: Redefining \cite on input line 694.
\c@NAT@ctr=\count89
) (./style/noindent.sty) (/usr/local/texlive/2011/texmf-dist/tex/latex/graphics/graphicx.sty
Package: graphicx 1999/02/16 v1.0f Enhanced LaTeX Graphics (DPC,SPQR)
 (/usr/local/texlive/2011/texmf-dist/tex/latex/graphics/keyval.sty
Package: keyval 1999/03/16 v1.13 key=value parser (DPC)
\KV@toks@=\toks14
) (/usr/local/texlive/2011/texmf-dist/tex/latex/graphics/graphics.sty
Package: graphics 2009/02/05 v1.0o Standard LaTeX Graphics (DPC,SPQR)
 (/usr/local/texlive/2011/texmf-dist/tex/latex/graphics/trig.sty
Package: trig 1999/03/16 v1.09 sin cos tan (DPC)
) (/usr/local/texlive/2011/texmf-dist/tex/latex/latexconfig/graphics.cfg
File: graphics.cfg 2010/04/23 v1.9 graphics configuration of TeX Live
)
Package graphics Info: Driver file: xetex.def on input line 91.
 (/usr/local/texlive/2011/texmf-dist/tex/xelatex/xetex-def/xetex.def
File: xetex.def 2009/11/22 v0.94 LaTeX color/graphics driver for XeTeX (RRM/JK)
))
\Gin@req@height=\dimen103
\Gin@req@width=\dimen104
) (/usr/local/texlive/2011/texmf-dist/tex/latex/fancyhdr/fancyhdr.sty
\fancy@headwidth=\skip45
\f@ncyO@elh=\skip46
\f@ncyO@erh=\skip47
\f@ncyO@olh=\skip48
\f@ncyO@orh=\skip49
\f@ncyO@elf=\skip50
\f@ncyO@erf=\skip51
\f@ncyO@olf=\skip52
\f@ncyO@orf=\skip53
) (/usr/local/texlive/2011/texmf-dist/tex/latex/tools/longtable.sty
Package: longtable 2004/02/01 v4.11 Multi-page Table package (DPC)
\LTleft=\skip54
\LTright=\skip55
\LTpre=\skip56
\LTpost=\skip57
\LTchunksize=\count90
\LTcapwidth=\dimen105
\LT@head=\box26
\LT@firsthead=\box27
\LT@foot=\box28
\LT@lastfoot=\box29
\LT@cols=\count91
\LT@rows=\count92
\c@LT@tables=\count93
\c@LT@chunks=\count94
\LT@p@ftn=\toks15
) (./style/import.sty) (/usr/local/texlive/2011/texmf-dist/tex/latex/psnfss/times.sty
Package: times 2005/04/12 PSNFSS-v9.2a (SPQR) 
) (/usr/local/texlive/2011/texmf-dist/tex/latex/psnfss/helvet.sty
Package: helvet 2005/04/12 PSNFSS-v9.2a (WaS) 
) (/usr/local/texlive/2011/texmf-dist/tex/latex/multirow/bigstrut.sty
\bigstrutjot=\dimen106
) (/usr/local/texlive/2011/texmf-dist/tex/latex/pict2e/pict2e.sty
Package: pict2e 2011/04/05 v0.2y Improved picture commands (HjG,RN,JT)
 (/usr/local/texlive/2011/texmf-dist/tex/latex/pict2e/pict2e.cfg
File: pict2e.cfg 2011/04/05 v0.1t pict2e configuration for teTeX/TeXLive
)
Package pict2e Info: Driver file: xetex.def on input line 119.
Package pict2e Info: Driver file for pict2e: p2e-xetex.def on input line 121.
 (/usr/local/texlive/2011/texmf-dist/tex/latex/pict2e/p2e-xetex.def
File: p2e-xetex.def 2011/04/05 v0.1t Driver-dependant file (RN,HjG,JT)
)
\pIIe@GRAPH=\toks16
\@arclen=\dimen107
\@arcrad=\dimen108
\@tempdimd=\dimen109
) (/usr/local/texlive/2011/texmf-dist/tex/latex/caption/caption.sty
Package: caption 2010/01/09 v3.1m Customizing captions (AR)
 (/usr/local/texlive/2011/texmf-dist/tex/latex/caption/caption3.sty
Package: caption3 2010/01/14 v3.1m caption3 kernel (AR)
\captionmargin=\dimen110
\captionmargin@=\dimen111
\captionwidth=\dimen112
\caption@indent=\dimen113
\caption@parindent=\dimen114
\caption@hangindent=\dimen115
)
\c@ContinuedFloat=\count95
Package caption Info: longtable package is loaded.
 (/usr/local/texlive/2011/texmf-dist/tex/latex/caption/ltcaption.sty
Package: ltcaption 2008/03/28 v1.2 longtable captions (AR)
)) (/usr/local/texlive/2011/texmf-dist/tex/latex/tools/multicol.sty
Package: multicol 2008/12/05 v1.6h multicolumn formatting (FMi)
\c@tracingmulticols=\count96
\mult@box=\box30
\multicol@leftmargin=\dimen116
\c@unbalance=\count97
\c@collectmore=\count98
\doublecol@number=\count99
\multicoltolerance=\count100
\multicolpretolerance=\count101
\full@width=\dimen117
\page@free=\dimen118
\premulticols=\dimen119
\postmulticols=\dimen120
\multicolsep=\skip58
\multicolbaselineskip=\skip59
\partial@page=\box31
\last@line=\box32
\mult@rightbox=\box33
\mult@grightbox=\box34
\mult@gfirstbox=\box35
\mult@firstbox=\box36
\@tempa=\box37
\@tempa=\box38
\@tempa=\box39
\@tempa=\box40
\@tempa=\box41
\@tempa=\box42
\@tempa=\box43
\@tempa=\box44
\@tempa=\box45
\@tempa=\box46
\@tempa=\box47
\@tempa=\box48
\@tempa=\box49
\@tempa=\box50
\@tempa=\box51
\@tempa=\box52
\@tempa=\box53
\c@columnbadness=\count102
\c@finalcolumnbadness=\count103
\last@try=\dimen121
\multicolovershoot=\dimen122
\multicolundershoot=\dimen123
\mult@nat@firstbox=\box54
\colbreak@box=\box55
) (/usr/local/texlive/2011/texmf-dist/tex/latex/tools/enumerate.sty
Package: enumerate 1999/03/05 v3.00 enumerate extensions (DPC)
\@enLab=\toks17
) (/usr/local/texlive/2011/texmf-dist/tex/latex/fontspec/fontspec.sty
Package: fontspec 2011/02/26 v2.1f Advanced font selection for XeLaTeX/LuaLaTeX
 (/usr/local/texlive/2011/texmf-dist/tex/latex/expl3/expl3.sty (/usr/local/texlive/2011/texmf-dist/tex/latex/expl3/l3names.sty
Package: l3names 2011/01/08 v2122 L3 Experimental Naming Scheme for TeX Primitives
)
Package: expl3 2011/04/09 v2222 L3 Experimental code bundle wrapper
 (/usr/local/texlive/2011/texmf-dist/tex/latex/etex-pkg/etex.sty
Package: etex 1998/03/26 v2.0 eTeX basic definition package (PEB)
\et@xins=\count104
) (/usr/local/texlive/2011/texmf-dist/tex/latex/expl3/l3basics.sty
Package: l3basics 2011/04/23 v2246 L3 Experimental basic definitions
) (/usr/local/texlive/2011/texmf-dist/tex/latex/expl3/l3expan.sty
Package: l3expan 2011/04/09 v2223 L3 Experimental Argument Expansion module
) (/usr/local/texlive/2011/texmf-dist/tex/latex/expl3/l3tl.sty
Package: l3tl 2011/04/09 v2223 L3 Experimental Token Lists
) (/usr/local/texlive/2011/texmf-dist/tex/latex/expl3/l3int.sty
Package: l3int 2011/04/11 v2229 L3 Experimental Integer module
\l_tmpa_int=\count105
\l_tmpb_int=\count106
\l_tmpc_int=\count107
\g_tmpa_int=\count108
\g_tmpb_int=\count109
\c_max_int=\count110
\g_tl_inline_level_int=\count111
\g_prg_inline_level_int=\count112
) (/usr/local/texlive/2011/texmf-dist/tex/latex/expl3/l3quark.sty
Package: l3quark 2011/04/14 v2234 L3 Experimental Quark Commands
)
(/usr/local/texlive/2011/texmf-dist/tex/latex/expl3/l3seq.sty
Package: l3seq 2011/04/21 v2245 The LaTeX3 kernel: sequences and stacks
\g_seq_nesting_depth_int=\count113
) (/usr/local/texlive/2011/texmf-dist/tex/latex/expl3/l3toks.sty
Package: l3toks 2011/04/09 v2223 L3 Experimental Token Registers
\l_tmpb_toks=\toks18
\l_tmpc_toks=\toks19
\g_tmpa_toks=\toks20
\g_tmpb_toks=\toks21
\g_tmpc_toks=\toks22
\c_empty_toks=\toks23
\l_tl_replace_toks=\toks24
) (/usr/local/texlive/2011/texmf-dist/tex/latex/expl3/l3prg.sty
Package: l3prg 2011/04/09 v2223 L3 Experimental control structures
) (/usr/local/texlive/2011/texmf-dist/tex/latex/expl3/l3clist.sty
Package: l3clist 2011/04/09 v2223 L3 Experimental comma separated lists
\g_clist_map_inline_int=\count114
) (/usr/local/texlive/2011/texmf-dist/tex/latex/expl3/l3token.sty
Package: l3token 2011/04/09 v2223 L3 Experimental token investigation and manipulation
) (/usr/local/texlive/2011/texmf-dist/tex/latex/expl3/l3prop.sty
Package: l3prop 2011/04/09 v2223 L3 Experimental Property Lists
\g_prop_inline_level_int=\count115
) (/usr/local/texlive/2011/texmf-dist/tex/latex/expl3/l3msg.sty
Package: l3msg 2010/10/02 v2052 L3 Experimental LaTeX Messages module
\l_msg_redirect_classes_prop=\toks25
\l_msg_redirect_names_prop=\toks26
\l_msg_redirect_fatal_prop=\toks27
\l_msg_redirect_error_prop=\toks28
\l_msg_redirect_warning_prop=\toks29
\l_msg_redirect_info_prop=\toks30
\l_msg_redirect_log_prop=\toks31
\l_msg_redirect_trace_prop=\toks32
\l_msg_redirect_none_prop=\toks33
) (/usr/local/texlive/2011/texmf-dist/tex/latex/expl3/l3io.sty
Package: l3io 2010/10/03 v2063 L3 Experimental i/o module
\g_iow_streams_prop=\toks34
\g_ior_streams_prop=\toks35
\l_iow_stream_int=\count116
) (/usr/local/texlive/2011/texmf-dist/tex/latex/expl3/l3skip.sty
Package: l3skip 2011/02/15 v2149 L3 Experimental skip registers
\l_tmpa_skip=\skip60
\l_tmpb_skip=\skip61
\l_tmpc_skip=\skip62
\g_tmpa_skip=\skip63
\g_tmpb_skip=\skip64
\l_tmpa_dim=\dimen124
\l_tmpb_dim=\dimen125
\l_tmpc_dim=\dimen126
\l_tmpd_dim=\dimen127
\g_tmpa_dim=\dimen128
\g_tmpb_dim=\dimen129
) (/usr/local/texlive/2011/texmf-dist/tex/latex/expl3/l3box.sty
Package: l3box 2011/04/09 v2223 L3 Experimental Box module
\l_tmpb_box=\box56
) (/usr/local/texlive/2011/texmf-dist/tex/latex/expl3/l3keyval.sty
Package: l3keyval 2011/04/09 v2223 L3 Experimental keyval processing
\l_KV_level_int=\count117
) (/usr/local/texlive/2011/texmf-dist/tex/latex/expl3/l3keys.sty
Package: l3keys 2010/11/11 v2082 L3 Experimental key-value support
\l_keys_choice_int=\count118
) (/usr/local/texlive/2011/texmf-dist/tex/latex/expl3/l3precom.sty
Package: l3precom 2011/04/09 v2223 L3 Experimental precompilation module
\g_gen_sym_int=\count119
\g_ggen_sym_int=\count120
) (/usr/local/texlive/2011/texmf-dist/tex/latex/expl3/l3xref.sty
Package: l3xref 2011/04/09 v2223 L3 Experimental cross referencing
\g_xref_all_curr_immediate_fields_prop=\toks36
\g_xref_all_curr_deferred_fields_prop=\toks37
) (/usr/local/texlive/2011/texmf-dist/tex/latex/expl3/l3file.sty
Package: l3file 2011/04/21 v2242 The LaTeX3 kernel: file operations
) (/usr/local/texlive/2011/texmf-dist/tex/latex/expl3/l3fp.sty
Package: l3fp 2011/03/19 v2201 L3 Experimental floating-point operations
\c_one_million=\count121
\c_one_hundred_million=\count122
\c_five_hundred_million=\count123
\c_one_thousand_million=\count124
\c_fp_pi_by_four_decimal_int=\count125
\c_fp_pi_by_four_extended_int=\count126
\c_fp_pi_decimal_int=\count127
\c_fp_pi_extended_int=\count128
\c_fp_two_pi_decimal_int=\count129
\c_fp_two_pi_extended_int=\count130
\l_fp_count_int=\count131
\l_fp_div_offset_int=\count132
\l_fp_exp_integer_int=\count133
\l_fp_exp_decimal_int=\count134
\l_fp_exp_extended_int=\count135
\l_fp_exp_exponent_int=\count136
\l_fp_input_a_sign_int=\count137
\l_fp_input_a_integer_int=\count138
\l_fp_input_a_decimal_int=\count139
\l_fp_input_a_exponent_int=\count140
\l_fp_input_b_sign_int=\count141
\l_fp_input_b_integer_int=\count142
\l_fp_input_b_decimal_int=\count143
\l_fp_input_b_exponent_int=\count144
\l_fp_input_a_extended_int=\count145
\l_fp_input_b_extended_int=\count146
\l_fp_mul_a_i_int=\count147
\l_fp_mul_a_ii_int=\count148
\l_fp_mul_a_iii_int=\count149
\l_fp_mul_a_iv_int=\count150
\l_fp_mul_a_v_int=\count151
\l_fp_mul_a_vi_int=\count152
\l_fp_mul_b_i_int=\count153
\l_fp_mul_b_ii_int=\count154
\l_fp_mul_b_iii_int=\count155
\l_fp_mul_b_iv_int=\count156
\l_fp_mul_b_v_int=\count157
\l_fp_mul_b_vi_int=\count158
\l_fp_mul_output_int=\count159
\l_fp_output_sign_int=\count160
\l_fp_output_integer_int=\count161
\l_fp_output_decimal_int=\count162
\l_fp_output_exponent_int=\count163
\l_fp_output_extended_int=\count164
\l_fp_round_position_int=\count165
\l_fp_round_target_int=\count166
\l_fp_split_sign_int=\count167
\l_fp_tmp_int=\count168
\l_fp_trig_octant_int=\count169
\l_fp_trig_sign_int=\count170
\l_fp_trig_decimal_int=\count171
\l_fp_trig_extended_int=\count172
\l_fp_tmp_dim=\dimen130
\l_fp_tmp_skip=\skip65
) (/usr/local/texlive/2011/texmf-dist/tex/latex/expl3/l3luatex.sty
Package: l3luatex 2010/07/18 v1985 L3 Experimental LuaTeX functions
\g_cctab_allocate_int=\count173
\g_cctab_stack_int=\count174
) (/usr/local/texlive/2011/texmf-dist/tex/latex/tools/calc.sty
Package: calc 2007/08/22 v4.3 Infix arithmetic (KKT,FJ)
\calc@Acount=\count175
\calc@Bcount=\count176
\calc@Adimen=\dimen131
\calc@Bdimen=\dimen132
\calc@Askip=\skip66
\calc@Bskip=\skip67
LaTeX Info: Redefining \setlength on input line 76.
LaTeX Info: Redefining \addtolength on input line 77.
\calc@Ccount=\count177
\calc@Cskip=\skip68
)) (/usr/local/texlive/2011/texmf-dist/tex/latex/xpackages/xbase/xparse.sty
Package: xparse 2011/04/08 v2219 Generic document command parser
\c_xparse_shorthands_prop=\toks38
\l_xparse_m_args_int=\count178
\l_xparse_mandatory_args_int=\count179
\l_xparse_processor_int=\count180
\l_xparse_total_args_int=\count181
) (/usr/local/texlive/2011/texmf-dist/tex/generic/kastrup/binhex.tex)
\l_fontspec_script_int=\count182
\l_fontspec_language_int=\count183
\l_fontspec_strnum_int=\count184
Variant \tl_gset:cV already defined; not changing it on line 83
 (/usr/local/texlive/2011/texmf-dist/tex/latex/xkeyval/xkeyval.sty
Package: xkeyval 2008/08/13 v2.6a package option processing (HA)
 (/usr/local/texlive/2011/texmf-dist/tex/generic/xkeyval/xkeyval.tex
\XKV@toks=\toks39
\XKV@tempa@toks=\toks40
\XKV@depth=\count185
File: xkeyval.tex 2008/08/13 v2.6a key=value parser (HA)
)) (/usr/local/texlive/2011/texmf-dist/tex/latex/fontspec/fontspec-patches.sty
Package: fontspec-patches 2011/02/26 v2.1f Advanced font selection for XeLaTeX/LuaLaTeX
 (/usr/local/texlive/2011/texmf-dist/tex/latex/base/fixltx2e.sty
Package: fixltx2e 2006/09/13 v1.1m fixes to LaTeX
LaTeX Info: Redefining \em on input line 420.
)
LaTeX Info: Redefining \em on input line 22.
LaTeX Info: Redefining \emph on input line 29.
LaTeX Info: Redefining \- on input line 32.
) (/usr/local/texlive/2011/texmf-dist/tex/latex/base/fontenc.sty
Package: fontenc 2005/09/27 v1.99g Standard LaTeX package
 (/usr/local/texlive/2011/texmf-dist/tex/latex/euenc/eu1enc.def
File: eu1enc.def 2010/05/27 v0.1h Experimental Unicode font encodings
)
LaTeX Font Info:    Try loading font information for EU1+lmr on input line 100.
 (/usr/local/texlive/2011/texmf-dist/tex/latex/euenc/eu1lmr.fd
File: eu1lmr.fd 2009/10/30 v1.6 Font defs for Latin Modern
)) (/usr/local/texlive/2011/texmf-dist/tex/xelatex/xunicode/xunicode.sty
File: xunicode.sty 2010/11/06 v0.96 provides access to latin accents and many other characters in Unicode lower plane
)
 LaTeX info: Defining document command \fontspec
(LaTeX)  with arg. spec. 'O{}m' on line 335.

 LaTeX info: Defining document command \setmainfont
(LaTeX)  with arg. spec. 'O{}m' on line 339.

 LaTeX info: Defining document command \setsansfont
(LaTeX)  with arg. spec. 'O{}m' on line 343.

 LaTeX info: Defining document command \setmonofont
(LaTeX)  with arg. spec. 'O{}m' on line 347.

 LaTeX info: Defining document command \setmathrm
(LaTeX)  with arg. spec. 'O{}m' on line 351.

 LaTeX info: Defining document command \setboldmathrm
(LaTeX)  with arg. spec. 'O{}m' on line 354.

 LaTeX info: Defining document command \setmathsf
(LaTeX)  with arg. spec. 'O{}m' on line 357.

 LaTeX info: Defining document command \setmathtt
(LaTeX)  with arg. spec. 'O{}m' on line 360.

 LaTeX info: Defining document command \newfontfamily
(LaTeX)  with arg. spec. 'mO{}m' on line 377.

 LaTeX info: Defining document command \newfontface
(LaTeX)  with arg. spec. 'mO{}m' on line 380.

 LaTeX info: Defining document command \defaultfontfeatures
(LaTeX)  with arg. spec. 'm' on line 383.

 LaTeX info: Defining document command \addfontfeatures
(LaTeX)  with arg. spec. 'm' on line 400.

 LaTeX info: Defining document command \newfontfeature
(LaTeX)  with arg. spec. 'mm' on line 407.

 LaTeX info: Defining document command \newAATfeature
(LaTeX)  with arg. spec. 'mmmm' on line 416.

 LaTeX info: Defining document command \newICUfeature
(LaTeX)  with arg. spec. 'mmm' on line 425.

 LaTeX info: Defining document command \aliasfontfeature
(LaTeX)  with arg. spec. 'mm' on line 427.

 LaTeX info: Defining document command \aliasfontfeatureoption
(LaTeX)  with arg. spec. 'mmm' on line 430.

 LaTeX info: Defining document command \newfontscript
(LaTeX)  with arg. spec. 'mm' on line 435.

 LaTeX info: Defining document command \newfontlanguage
(LaTeX)  with arg. spec. 'mm' on line 457.

 LaTeX info: Defining document command \DeclareFontsExtensions
(LaTeX)  with arg. spec. 'm' on line 474.

\c@fontspec_tmp_int=\count186
LaTeX Info: Redefining \itshape on input line 2105.
LaTeX Info: Redefining \slshape on input line 2109.
LaTeX Info: Redefining \scshape on input line 2113.
LaTeX Info: Redefining \upshape on input line 2117.
 (/usr/local/texlive/2011/texmf-dist/tex/latex/fontspec/fontspec.cfg)) (/usr/local/texlive/2011/texmf-dist/tex/generic/genmisc/nth.sty
Package: nth 2002/02/27
) (./texfiles/mn2e_compat.tex
LaTeX Info: Redefining \rm on input line 18.
LaTeX Info: Redefining \sf on input line 19.
LaTeX Info: Redefining \tt on input line 20.
LaTeX Info: Redefining \bf on input line 21.
LaTeX Info: Redefining \it on input line 22.
LaTeX Info: Redefining \sl on input line 23.
LaTeX Info: Redefining \sc on input line 24.
LaTeX Info: Redefining \cal on input line 25.
LaTeX Info: Redefining \mit on input line 26.
\math@groups=\toks41
LaTeX Font Info:    Overwriting symbol font `symbols' in version `bold'
(Font)                  OMS/cmsy/b/n --> OMS/cmsy/b/n on input line 88.
\symbmisymbols=\mathgroup4
) (./texfiles/reg_margins.tex)

Package Fancyhdr Warning: \fancyhead's `E' option without twoside option is useless on input line 124.


Package Fancyhdr Warning: \fancyhead's `E' option without twoside option is useless on input line 126.

\epswidth=\skip69
\epsheight=\skip70
\@input{texfiles/macros.aux}
\openout2 = `texfiles/macros.aux'.

(./texfiles/macros.tex)) (/usr/local/texlive/2011/texmf-dist/tex/latex/amsfonts/amssymb.sty
Package: amssymb 2009/06/22 v3.00
 (/usr/local/texlive/2011/texmf-dist/tex/latex/amsfonts/amsfonts.sty
Package: amsfonts 2009/06/22 v3.00 Basic AMSFonts support
\@emptytoks=\toks42
\symAMSa=\mathgroup5
\symAMSb=\mathgroup6
LaTeX Font Info:    Overwriting math alphabet `\mathfrak' in version `bold'
(Font)                  U/euf/m/n --> U/euf/b/n on input line 96.
)

/usr/local/texlive/2011/texmf-dist/tex/latex/amsfonts/amssymb.sty:231: LaTeX Error: Command `\Finv' already defined.

See the LaTeX manual or LaTeX Companion for explanation.
Type  H <return>  for immediate help.
 ...                                              
                                                  
l.231 ...ol{\Finv}           {\mathord}{AMSb}{"60}
                                                  
Your command was ignored.
Type  I <command> <return>  to replace it with another command,
or  <return>  to continue without it.


/usr/local/texlive/2011/texmf-dist/tex/latex/amsfonts/amssymb.sty:232: LaTeX Error: Command `\Game' already defined.

See the LaTeX manual or LaTeX Companion for explanation.
Type  H <return>  for immediate help.
 ...                                              
                                                  
l.232 ...ol{\Game}           {\mathord}{AMSb}{"61}
                                                  
Your command was ignored.
Type  I <command> <return>  to replace it with another command,
or  <return>  to continue without it.


/usr/local/texlive/2011/texmf-dist/tex/latex/amsfonts/amssymb.sty:237: LaTeX Error: Command `\beth' already defined.

See the LaTeX manual or LaTeX Companion for explanation.
Type  H <return>  for immediate help.
 ...                                              
                                                  
l.237 ...ol{\beth}           {\mathord}{AMSb}{"69}
                                                  
Your command was ignored.
Type  I <command> <return>  to replace it with another command,
or  <return>  to continue without it.


/usr/local/texlive/2011/texmf-dist/tex/latex/amsfonts/amssymb.sty:238: LaTeX Error: Command `\gimel' already defined.

See the LaTeX manual or LaTeX Companion for explanation.
Type  H <return>  for immediate help.
 ...                                              
                                                  
l.238 ...ol{\gimel}          {\mathord}{AMSb}{"6A}
                                                  
Your command was ignored.
Type  I <command> <return>  to replace it with another command,
or  <return>  to continue without it.


/usr/local/texlive/2011/texmf-dist/tex/latex/amsfonts/amssymb.sty:239: LaTeX Error: Command `\daleth' already defined.

See the LaTeX manual or LaTeX Companion for explanation.
Type  H <return>  for immediate help.
 ...                                              
                                                  
l.239 ...ol{\daleth}         {\mathord}{AMSb}{"6B}
                                                  
Your command was ignored.
Type  I <command> <return>  to replace it with another command,
or  <return>  to continue without it.

) (/usr/local/texlive/2011/texmf-dist/tex/latex/amsmath/amsmath.sty
Package: amsmath 2000/07/18 v2.13 AMS math features
\@mathmargin=\skip71

For additional information on amsmath, use the `?' option.
(/usr/local/texlive/2011/texmf-dist/tex/latex/amsmath/amstext.sty
Package: amstext 2000/06/29 v2.01
 (/usr/local/texlive/2011/texmf-dist/tex/latex/amsmath/amsgen.sty
File: amsgen.sty 1999/11/30 v2.0
\@emptytoks=\toks43
\ex@=\dimen133
)) (/usr/local/texlive/2011/texmf-dist/tex/latex/amsmath/amsbsy.sty
Package: amsbsy 1999/11/29 v1.2d
\pmbraise@=\dimen134
) (/usr/local/texlive/2011/texmf-dist/tex/latex/amsmath/amsopn.sty
Package: amsopn 1999/12/14 v2.01 operator names
)
\inf@bad=\count187
LaTeX Info: Redefining \frac on input line 211.
\uproot@=\count188
\leftroot@=\count189
LaTeX Info: Redefining \overline on input line 307.
\classnum@=\count190
\DOTSCASE@=\count191
LaTeX Info: Redefining \ldots on input line 379.
LaTeX Info: Redefining \dots on input line 382.
LaTeX Info: Redefining \cdots on input line 467.
\Mathstrutbox@=\box57
\strutbox@=\box58
\big@size=\dimen135
LaTeX Font Info:    Redeclaring font encoding OML on input line 567.
LaTeX Font Info:    Redeclaring font encoding OMS on input line 568.
\macc@depth=\count192
\c@MaxMatrixCols=\count193
\dotsspace@=\muskip10
\c@parentequation=\count194
\dspbrk@lvl=\count195
\tag@help=\toks44
\row@=\count196
\column@=\count197
\maxfields@=\count198
\andhelp@=\toks45
\eqnshift@=\dimen136
\alignsep@=\dimen137
\tagshift@=\dimen138
\tagwidth@=\dimen139
\totwidth@=\dimen140
\lineht@=\dimen141
\@envbody=\toks46
\multlinegap=\skip72
\multlinetaggap=\skip73
\mathdisplay@stack=\toks47
LaTeX Info: Redefining \[ on input line 2666.
LaTeX Info: Redefining \] on input line 2667.
) (/usr/local/texlive/2011/texmf-dist/tex/latex/jknapltx/mathrsfs.sty
Package: mathrsfs 1996/01/01 Math RSFS package v1.0 (jk)
\symrsfs=\mathgroup7
) (/usr/local/texlive/2011/texmf-dist/tex/latex/oberdiek/pdflscape.sty
Package: pdflscape 2008/08/11 v0.10 Landscape pages in PDF (HO)
 (/usr/local/texlive/2011/texmf-dist/tex/latex/graphics/lscape.sty
Package: lscape 2000/10/22 v3.01 Landscape Pages (DPC)
) (/usr/local/texlive/2011/texmf-dist/tex/generic/oberdiek/ifpdf.sty
Package: ifpdf 2011/01/30 v2.3 Provides the ifpdf switch (HO)
Package ifpdf Info: pdfTeX in PDF mode is not detected.
) (/usr/local/texlive/2011/texmf-dist/tex/generic/ifxetex/ifxetex.sty
Package: ifxetex 2010/09/12 v0.6 Provides ifxetex conditional
)
Package pdflscape Info: Auto-detected driver: dvipdfm (xetex) on input line 98.
 (/usr/local/texlive/2011/texmf-dist/tex/generic/oberdiek/atbegshi.sty
Package: atbegshi 2011/01/30 v1.15 At begin shipout hook (HO)
 (/usr/local/texlive/2011/texmf-dist/tex/generic/oberdiek/infwarerr.sty
Package: infwarerr 2010/04/08 v1.3 Providing info/warning/message (HO)
) (/usr/local/texlive/2011/texmf-dist/tex/generic/oberdiek/ltxcmds.sty
Package: ltxcmds 2011/04/18 v1.20 LaTeX kernel commands for general use (HO)
))) (/usr/local/texlive/2011/texmf-dist/tex/latex/graphics/color.sty
Package: color 2005/11/14 v1.0j Standard LaTeX Color (DPC)
 (/usr/local/texlive/2011/texmf-dist/tex/latex/latexconfig/color.cfg
File: color.cfg 2007/01/18 v1.5 color configuration of teTeX/TeXLive
)
Package color Info: Driver file: xetex.def on input line 130.
) (/Users/ken/Documents/PhD/Thesis/ThesisGit/.texpadtmp/thesis.aux

LaTeX Warning: Label `sec:data' multiply defined.


LaTeX Warning: Label `sec:results' multiply defined.


LaTeX Warning: Label `sec:mergerfraction' multiply defined.


LaTeX Warning: Label `sec:summary' multiply defined.


LaTeX Warning: Label `fig:beta_z' multiply defined.


LaTeX Warning: Label `eq:cont_sep' multiply defined.


LaTeX Warning: Label `sec:results' multiply defined.


LaTeX Warning: Label `sec:discussion' multiply defined.


LaTeX Warning: Label `sec:summary' multiply defined.

)
\openout1 = `thesis.aux'.

LaTeX Font Info:    Checking defaults for OML/cmm/m/it on input line 17.
LaTeX Font Info:    ... okay on input line 17.
LaTeX Font Info:    Checking defaults for T1/cmr/m/n on input line 17.
LaTeX Font Info:    ... okay on input line 17.
LaTeX Font Info:    Checking defaults for OT1/cmr/m/n on input line 17.
LaTeX Font Info:    ... okay on input line 17.
LaTeX Font Info:    Checking defaults for OMS/cmsy/m/n on input line 17.
LaTeX Font Info:    ... okay on input line 17.
LaTeX Font Info:    Checking defaults for OMX/cmex/m/n on input line 17.
LaTeX Font Info:    ... okay on input line 17.
LaTeX Font Info:    Checking defaults for U/cmr/m/n on input line 17.
LaTeX Font Info:    ... okay on input line 17.
LaTeX Font Info:    Checking defaults for EU1/lmr/m/n on input line 17.
LaTeX Font Info:    ... okay on input line 17.
Package caption Info: Begin \AtBeginDocument code.
Package caption Info: End \AtBeginDocument code.
 fontspec info: Adjusting the maths setup (use [no-math] to avoid this).

\symlegacymaths=\mathgroup8
LaTeX Font Info:    Overwriting symbol font `legacymaths' in version `bold'
(Font)                  OT1/cmr/m/n --> OT1/cmr/bx/n on input line 17.
LaTeX Font Info:    Redeclaring math accent \acute on input line 17.
LaTeX Font Info:    Redeclaring math accent \grave on input line 17.
LaTeX Font Info:    Redeclaring math accent \ddot on input line 17.
LaTeX Font Info:    Redeclaring math accent \tilde on input line 17.
LaTeX Font Info:    Redeclaring math accent \bar on input line 17.
LaTeX Font Info:    Redeclaring math accent \breve on input line 17.
LaTeX Font Info:    Redeclaring math accent \check on input line 17.
LaTeX Font Info:    Redeclaring math accent \hat on input line 17.
LaTeX Font Info:    Redeclaring math accent \dot on input line 17.
LaTeX Font Info:    Redeclaring math accent \mathring on input line 17.
LaTeX Font Info:    Redeclaring math symbol \Gamma on input line 17.
LaTeX Font Info:    Redeclaring math symbol \Delta on input line 17.
LaTeX Font Info:    Redeclaring math symbol \Theta on input line 17.
LaTeX Font Info:    Redeclaring math symbol \Lambda on input line 17.
LaTeX Font Info:    Redeclaring math symbol \Xi on input line 17.
LaTeX Font Info:    Redeclaring math symbol \Pi on input line 17.
LaTeX Font Info:    Redeclaring math symbol \Sigma on input line 17.
LaTeX Font Info:    Redeclaring math symbol \Upsilon on input line 17.
LaTeX Font Info:    Redeclaring math symbol \Phi on input line 17.
LaTeX Font Info:    Redeclaring math symbol \Psi on input line 17.
LaTeX Font Info:    Redeclaring math symbol \Omega on input line 17.
LaTeX Font Info:    Redeclaring math symbol \mathdollar on input line 17.
LaTeX Font Info:    Redeclaring symbol font `operators' on input line 17.
LaTeX Font Info:    Encoding `OT1' has changed to `EU1' for symbol font
(Font)              `operators' in the math version `normal' on input line 17.
LaTeX Font Info:    Overwriting symbol font `operators' in version `normal'
(Font)                  OT1/cmr/m/n --> EU1/lmr/m/n on input line 17.
LaTeX Font Info:    Encoding `OT1' has changed to `EU1' for symbol font
(Font)              `operators' in the math version `bold' on input line 17.
LaTeX Font Info:    Overwriting symbol font `operators' in version `bold'
(Font)                  OT1/cmr/bx/n --> EU1/lmr/m/n on input line 17.
LaTeX Font Info:    Overwriting symbol font `operators' in version `normal'
(Font)                  EU1/lmr/m/n --> EU1/lmr/m/n on input line 17.
LaTeX Font Info:    Overwriting math alphabet `\mathrm' in version `normal'
(Font)                  EU1/lmr/m/n --> EU1/lmr/m/n on input line 17.
LaTeX Font Info:    Overwriting math alphabet `\mathit' in version `normal'
(Font)                  OT1/cmr/m/it --> EU1/lmr/m/it on input line 17.
LaTeX Font Info:    Overwriting math alphabet `\mathbf' in version `normal'
(Font)                  OT1/cmr/bx/n --> EU1/lmr/bx/n on input line 17.
LaTeX Font Info:    Overwriting math alphabet `\mathsf' in version `normal'
(Font)                  OT1/cmss/m/n --> EU1/lmss/m/n on input line 17.
LaTeX Font Info:    Overwriting math alphabet `\mathtt' in version `normal'
(Font)                  OT1/cmtt/m/n --> EU1/lmtt/m/n on input line 17.
LaTeX Font Info:    Overwriting symbol font `operators' in version `bold'
(Font)                  EU1/lmr/m/n --> EU1/lmr/bx/n on input line 17.
LaTeX Font Info:    Overwriting math alphabet `\mathrm' in version `bold'
(Font)                  EU1/lmr/m/n --> EU1/lmr/bx/n on input line 17.
LaTeX Font Info:    Overwriting math alphabet `\mathit' in version `bold'
(Font)                  OT1/cmr/bx/it --> EU1/lmr/bx/it on input line 17.
LaTeX Font Info:    Overwriting math alphabet `\mathsf' in version `bold'
(Font)                  OT1/cmss/bx/n --> EU1/lmss/bx/n on input line 17.
LaTeX Font Info:    Overwriting math alphabet `\mathtt' in version `bold'
(Font)                  OT1/cmtt/m/n --> EU1/lmtt/bx/n on input line 17.
\AtBeginShipoutBox=\box59
 (./preamble/title.tex
\g_fontspec_family_Verdana_int=\count199
 fontspec info: Defining font family 'Verdana(0)' for font 'Verdana' with options [].

\g_fontspec_Verdana(0)_prop=\toks48
 fontspec info: Defining shape 'normal' with NFSS spec.:
(fontspec)  <->"Verdana/ICU:script=latn;language=DFLT;"

 fontspec info: Defining shape 'bold' with NFSS spec.:
(fontspec)  <->"Verdana/B/ICU:script=latn;language=DFLT;"

 fontspec info: Defining shape 'italic' with NFSS spec.:
(fontspec)  <->"Verdana/I/ICU:script=latn;language=DFLT;"

 fontspec info: Defining shape 'bold italic' with NFSS spec.:
(fontspec)  <->"Verdana/BI/ICU:script=latn;language=DFLT;"

File: preamble/UoN_BlueCMYK.eps Graphic file (type eps)
 <preamble/UoN_BlueCMYK.eps> [1



]) (./preamble/quote.tex
LaTeX Font Info:    Try loading font information for U+msa on input line 30.
 (/usr/local/texlive/2011/texmf-dist/tex/latex/amsfonts/umsa.fd
File: umsa.fd 2009/06/22 v3.00 AMS symbols A
)
LaTeX Font Info:    Try loading font information for U+msb on input line 30.
 (/usr/local/texlive/2011/texmf-dist/tex/latex/amsfonts/umsb.fd
File: umsb.fd 2009/06/22 v3.00 AMS symbols B
)
LaTeX Font Info:    Try loading font information for U+rsfs on input line 30.
 (/usr/local/texlive/2011/texmf-dist/tex/latex/jknapltx/ursfs.fd
File: ursfs.fd 1998/03/24 rsfs font definition file (jk)
)
Overfull \hbox (19.298pt too wide) in paragraph at lines 30--42
[][] 
 []

[1

]) (./preamble/abstract.tex

LaTeX Warning: Command \nobreakspace invalid in math mode on input line 11.


LaTeX Warning: Command \nobreakspace invalid in math mode on input line 11.


LaTeX Warning: Command \nobreakspace invalid in math mode on input line 11.


LaTeX Warning: Command \nobreakspace invalid in math mode on input line 11.

[2


]

LaTeX Warning: Command \nobreakspace invalid in math mode on input line 17.


LaTeX Warning: Command \nobreakspace invalid in math mode on input line 17.

[3] [4]) (./preamble/published.tex [5


] [6]) (/Users/ken/Documents/PhD/Thesis/ThesisGit/.texpadtmp/thesis.toc [1


] [2])
\tf@toc=\write3
\openout3 = `thesis.toc'.

 [3] (/Users/ken/Documents/PhD/Thesis/ThesisGit/.texpadtmp/thesis.lof [4

] [5]
Overfull \hbox (23.39117pt too wide) in paragraph at lines 48--48
 \EU1/lmr/m/n/12 povich \EU1/lmr/m/it/12 et al. \EU1/lmr/m/n/12 2011) and exponential (green dashed: Papovich \EU1/lmr/m/it/12 et al. \EU1/lmr/m/n/12 2011) 
 []

)
\tf@lof=\write4
\openout4 = `thesis.lof'.

 [6] (/Users/ken/Documents/PhD/Thesis/ThesisGit/.texpadtmp/thesis.lot

LaTeX Warning: Command \nobreakspace invalid in math mode on input line 18.


LaTeX Warning: Command \nobreakspace invalid in math mode on input line 18.

)
\tf@lot=\write5
\openout5 = `thesis.lot'.

 [7

] (./preamble/tpage.tex [1

]) (./chapter/Introduction/Introduction.tex
Chapter 1.
[2


]

Package caption Warning: \label before \caption on input line 17.
See the caption package documentation for explanation.


LaTeX Warning: Reference `fig:cmb_comparison' on page 3 undefined on input line 13.

File: chapter/Introduction/CobeWmapPlanckComparison.jpg Graphic file (type QTm)
<use  "chapter/Introduction/CobeWmapPlanckComparison.jpg" >
File: chapter/Introduction/Planck_CMB.jpg Graphic file (type QTm)
 <use  "chapter/Introduction/Planck_CMB.jpg" >
LaTeX Font Info:    Try loading font information for EU1+lmss on input line 23.
 (/usr/local/texlive/2011/texmf-dist/tex/latex/euenc/eu1lmss.fd
File: eu1lmss.fd 2009/10/30 v1.6 Font defs for Latin Modern
) [3] [4] [5] [6]
File: chapter/Introduction/ColourMass_Schawinski.pdf Graphic file (type QTm)
 <use  "chapter/Introduction/ColourMass_Schawinski.pdf" > [7]
File: chapter/Introduction/Hopkins2004.pdf Graphic file (type QTm)
 <use  "chapter/Introduction/Hopkins2004.pdf" > [8] [9]

LaTeX Warning: Command \AA invalid in math mode on input line 78.


LaTeX Warning: Command \r invalid in math mode on input line 78.

[10]
File: chapter/Introduction/BouwensCuts.pdf Graphic file (type QTm)
 <use  "chapter/Introduction/BouwensCuts.pdf" > [11] [12] [13]

LaTeX Warning: Command \nobreakspace invalid in math mode on input line 106.


LaTeX Warning: Command \AA invalid in math mode on input line 106.


LaTeX Warning: Command \r invalid in math mode on input line 106.


LaTeX Warning: Command \nobreakspace invalid in math mode on input line 110.


LaTeX Warning: Command \nobreakspace invalid in math mode on input line 110.

[14] [15]

LaTeX Warning: Command \nobreakspace invalid in math mode on input line 129.

[16] [17]
File: chapter/Introduction/sed_plot.pdf Graphic file (type QTm)
 <use  "chapter/Introduction/sed_plot.pdf" > [18] [19] [20]
File: chapter/Introduction/hst_efficiency.png Graphic file (type QTm)
 <use  "chapter/Introduction/hst_efficiency.png" >
Overfull \hbox (2.61589pt too wide) in paragraph at lines 170--171
[]\EU1/lmr/m/n/12 Thankfully, the greatly improved capabilities of the Wide Field Camera 3 (WFC3),
 []

[21] [22] [23]) (./chapter/Chapter2/StellarMassFunctions.tex [24]
Chapter 2.
[25

] [26]

LaTeX Warning: Command \nobreakspace invalid in math mode on input line 18.


LaTeX Warning: Command \nobreakspace invalid in math mode on input line 18.


LaTeX Warning: Command \nobreakspace invalid in math mode on input line 18.


LaTeX Warning: Command \nobreakspace invalid in math mode on input line 18.

[27] [28] [29]
Overfull \hbox (0.51344pt too wide) in paragraph at lines 42--42
[]\EU1/lmr/bx/n/17.28 Photometric Redshifts and Sample Selection 
 []

[30]

LaTeX Warning: Command \nobreakspace invalid in math mode on input line 55.


LaTeX Warning: Command \nobreakspace invalid in math mode on input line 59.

[31]
File: chapter/Chapter2/plots/fig1.pdf Graphic file (type QTm)
 <use  "chapter/Chapter2/plots/fig1.pdf" > [32] [33]

LaTeX Warning: Command \nobreakspace invalid in math mode on input line 91.


LaTeX Warning: Command \nobreakspace invalid in math mode on input line 91.


LaTeX Warning: Command \nobreakspace invalid in math mode on input line 91.


LaTeX Warning: Command \nobreakspace invalid in math mode on input line 91.

[34]
File: chapter/Chapter2/plots/fig2.pdf Graphic file (type QTm)
 <use  "chapter/Chapter2/plots/fig2.pdf" > [35] [36] [37] [38] [39]
File: chapter/Chapter2/plots/figA1.pdf Graphic file (type QTm)
 <use  "chapter/Chapter2/plots/figA1.pdf" > [40


] [41]
File: chapter/Chapter2/plots/figA2a.pdf Graphic file (type QTm)
 <use  "chapter/Chapter2/plots/figA2a.pdf" >
File: chapter/Chapter2/plots/figA2b.pdf Graphic file (type QTm)
 <use  "chapter/Chapter2/plots/figA2b.pdf" > [42] [43]
File: chapter/Chapter2/plots/figA3a.pdf Graphic file (type QTm)
 <use  "chapter/Chapter2/plots/figA3a.pdf" >
File: chapter/Chapter2/plots/figA3b.pdf Graphic file (type QTm)
 <use  "chapter/Chapter2/plots/figA3b.pdf" > [44] [45]
File: chapter/Chapter2/plots/figA4.pdf Graphic file (type QTm)
 <use  "chapter/Chapter2/plots/figA4.pdf" >
File: chapter/Chapter2/plots/figA5.pdf Graphic file (type QTm)
 <use  "chapter/Chapter2/plots/figA5.pdf" > [46] [47] [48]

Package natbib Warning: Citation `1995ApJ...441...18M' on page 49 undefined on input line 247.


Package natbib Warning: Citation `Osterbrock:2006ul' on page 49 undefined on input line 250.

[49]

Package natbib Warning: Citation `Osterbrock:2006ul' on page 50 undefined on input line 266.

[50]

LaTeX Warning: Command \nobreakspace invalid in math mode on input line 272.


LaTeX Warning: Command \AA invalid in math mode on input line 280.


LaTeX Warning: Command \r invalid in math mode on input line 280.

[51] [52]
File: chapter/Chapter2/plots/figB1.pdf Graphic file (type QTm)
 <use  "chapter/Chapter2/plots/figB1.pdf" > [53]
File: chapter/Chapter2/plots/figB2.pdf Graphic file (type QTm)
 <use  "chapter/Chapter2/plots/figB2.pdf" >
File: chapter/Chapter2/plots/figB3.pdf Graphic file (type QTm)
 <use  "chapter/Chapter2/plots/figB3.pdf" > [54] [55] [56]
File: chapter/Chapter2/plots/fig3.pdf Graphic file (type QTm)
 <use  "chapter/Chapter2/plots/fig3.pdf" > [57]
Overfull \hbox (1.03508pt too wide) in paragraph at lines 357--358
[]\EU1/lmr/m/n/12 In order to assign photometric errors to the mock photometry (or non-observations
 []

[58]
File: chapter/Chapter2/plots/fig4.pdf Graphic file (type QTm)
 <use  "chapter/Chapter2/plots/fig4.pdf" > [59]

LaTeX Warning: Command \AA invalid in math mode on input line 382.


LaTeX Warning: Command \r invalid in math mode on input line 382.

File: chapter/Chapter2/plots/fig5.pdf Graphic file (type QTm)
<use  "chapter/Chapter2/plots/fig5.pdf" > [60]
File: chapter/Chapter2/plots/fig6.pdf Graphic file (type QTm)
 <use  "chapter/Chapter2/plots/fig6.pdf" >

LaTeX Warning: Command \nobreakspace invalid in math mode on input line 403.

[61] [62]
File: chapter/Chapter2/plots/fig7.pdf Graphic file (type QTm)
 <use  "chapter/Chapter2/plots/fig7.pdf" >

LaTeX Warning: Command \nobreakspace invalid in math mode on input line 436.


LaTeX Warning: Command \nobreakspace invalid in math mode on input line 436.


LaTeX Warning: Command \nobreakspace invalid in math mode on input line 436.


LaTeX Warning: Command \nobreakspace invalid in math mode on input line 436.

[63] [64] [65]
File: chapter/Chapter2/plots/fig8a.pdf Graphic file (type QTm)
 <use  "chapter/Chapter2/plots/fig8a.pdf" >
File: chapter/Chapter2/plots/fig8b.pdf Graphic file (type QTm)
 <use  "chapter/Chapter2/plots/fig8b.pdf" >
Underfull \hbox (badness 10000) in paragraph at lines 494--496
[][]
 []


LaTeX Warning: Float too large for page by 57.70274pt on input line 498.

[66] [67] [68]

LaTeX Warning: Command \nobreakspace invalid in math mode on input line 517.

[69] [70]
File: chapter/Chapter2/plots/fig9.pdf Graphic file (type QTm)
 <use  "chapter/Chapter2/plots/fig9.pdf" >

LaTeX Warning: Command \nobreakspace invalid in math mode on input line 558.


LaTeX Warning: Command \nobreakspace invalid in math mode on input line 558.


LaTeX Warning: Command \nobreakspace invalid in math mode on input line 558.


LaTeX Warning: Command \nobreakspace invalid in math mode on input line 558.

[71] [72] [73]
File: chapter/Chapter2/plots/fig10.pdf Graphic file (type QTm)
 <use  "chapter/Chapter2/plots/fig10.pdf" > [74]
Overfull \hbox (40.39114pt too wide) in paragraph at lines 616--617
\EU1/lmr/m/n/12 semi-analytic models. The SPH predictions are taken from the hybrid energy/momentum-
 []

[75] [76]
File: chapter/Chapter2/plots/fig11.pdf Graphic file (type QTm)
 <use  "chapter/Chapter2/plots/fig11.pdf" > [77]

LaTeX Warning: Command \nobreakspace invalid in math mode on input line 634.


LaTeX Warning: Command \nobreakspace invalid in math mode on input line 634.


Overfull \hbox (8.26181pt too wide) in paragraph at lines 634--635
\EU1/lmr/m/n/12 We compute the total stellar mass density (SMD) by integrating the fitted Schechter
 []

File: chapter/Chapter2/plots/fig12.pdf Graphic file (type QTm)
<use  "chapter/Chapter2/plots/fig12.pdf" >

LaTeX Warning: Command \nobreakspace invalid in math mode on input line 646.


LaTeX Warning: Command \nobreakspace invalid in math mode on input line 646.


LaTeX Warning: Command \nobreakspace invalid in math mode on input line 649.

[78


] [79]
File: chapter/Chapter2/plots/fig13.pdf Graphic file (type QTm)
 <use  "chapter/Chapter2/plots/fig13.pdf" > [80] [81] [82]
File: chapter/Chapter2/plots/fig14.pdf Graphic file (type QTm)
 <use  "chapter/Chapter2/plots/fig14.pdf" >
File: chapter/Chapter2/plots/fig15.pdf Graphic file (type QTm)
 <use  "chapter/Chapter2/plots/fig15.pdf" > [83] [84]

LaTeX Warning: Command \nobreakspace invalid in math mode on input line 713.

[85] [86]

LaTeX Warning: Command \nobreakspace invalid in math mode on input line 725.


LaTeX Warning: Command \nobreakspace invalid in math mode on input line 726.


LaTeX Warning: Command \nobreakspace invalid in math mode on input line 726.

) (./chapter/Chapter3/Mergers.tex [87]
Chapter 3.
[88

]

LaTeX Warning: Command \nobreakspace invalid in math mode on input line 16.


LaTeX Warning: Command \nobreakspace invalid in math mode on input line 16.

[89]
Overfull \hbox (10.63509pt too wide) in paragraph at lines 20--21
\EU1/lmr/m/n/12 fractions through the photometric redshift probability distribution functions (PDFs)
 []

[90]

LaTeX Warning: Command \nobreakspace invalid in math mode on input line 63.


LaTeX Warning: Command \nobreakspace invalid in math mode on input line 63.


LaTeX Warning: Command \nobreakspace invalid in math mode on input line 63.

[91] [92] [93]
File: chapter/Chapter3/plots/PairsPz_pri_81_2.pdf Graphic file (type QTm)
 <use  "chapter/Chapter3/plots/PairsPz_pri_81_2.pdf" >
File: chapter/Chapter3/plots/PairsPz_pri_81_4.pdf Graphic file (type QTm)
 <use  "chapter/Chapter3/plots/PairsPz_pri_81_4.pdf" >

LaTeX Warning: Command \nobreakspace invalid in math mode on input line 117.

[94] [95] [96] [97]
File: chapter/Chapter3/plots/specz_comparison.pdf Graphic file (type QTm)
 <use  "chapter/Chapter3/plots/specz_comparison.pdf" > [98] [99] [100]
File: chapter/Chapter3/plots/PairsMass_pri_81_2.pdf Graphic file (type QTm)
 <use  "chapter/Chapter3/plots/PairsMass_pri_81_2.pdf" >
File: chapter/Chapter3/plots/PairsMass_pri_81_4.pdf Graphic file (type QTm)
 <use  "chapter/Chapter3/plots/PairsMass_pri_81_4.pdf" > [101] [102]
File: chapter/Chapter3/plots/MassCompleteness.pdf Graphic file (type QTm)
 <use  "chapter/Chapter3/plots/MassCompleteness.pdf" > [103] [104] [105] [106] [107] [108]

LaTeX Warning: Command \nobreakspace invalid in math mode on input line 320.


Overfull \hbox (4.69171pt too wide) in paragraph at lines 324--325
\EU1/lmr/m/n/12 sis in six redshift bins from $\OML/cmm/m/it/12 z \OT1/cmr/m/n/12 = 2$ \EU1/lmr/m/n/12 to $\OML/cmm/m/it/12 z \OT1/cmr/m/n/12 = 6\OML/cmm/m/it/12 :\OT1/cmr/m/n/12 5$ \EU1/lmr/m/n/12 for stellar mass cuts of $[][]\OT1/cmr/m/n/12 ([][]/[][]) \OML/cmm/m/it/12 >
 []

[109]

LaTeX Warning: Command \nobreakspace invalid in math mode on input line 336.


LaTeX Warning: Command \nobreakspace invalid in math mode on input line 336.


LaTeX Warning: Command \nobreakspace invalid in math mode on input line 341.

[110]
File: chapter/Chapter3/plots/merger_fractions.pdf Graphic file (type QTm)
 <use  "chapter/Chapter3/plots/merger_fractions.pdf" >
Overfull \hbox (34.56056pt too wide) in paragraph at lines 400--401
[]\EU1/lmr/m/n/12 For the $[][]\OT1/cmr/m/n/12 ([][]/[][]) \OMS/cmsy/m/n/12 ^^U \OT1/cmr/m/n/12 9\OML/cmm/m/it/12 :\OT1/cmr/m/n/12 5$ \EU1/lmr/m/n/12 mass selection (top panel) we show the $\OT1/cmr/m/n/12 9 \OMS/cmsy/m/n/12 ^^T [][]\OT1/cmr/m/n/12 ([][]/[][]) \OMS/cmsy/m/n/12 ^^T
 []

[111] [112] [113] [114]

LaTeX Warning: Command \nobreakspace invalid in math mode on input line 423.

[115]

LaTeX Warning: Command \nobreakspace invalid in math mode on input line 431.


LaTeX Warning: Command \nobreakspace invalid in math mode on input line 442.

[116]
File: chapter/Chapter3/plots/merger_rate.pdf Graphic file (type QTm)
 <use  "chapter/Chapter3/plots/merger_rate.pdf" > [117] [118]

LaTeX Warning: Command \nobreakspace invalid in math mode on input line 478.


LaTeX Warning: Command \nobreakspace invalid in math mode on input line 478.


LaTeX Warning: Command \nobreakspace invalid in math mode on input line 478.


LaTeX Warning: Command \nobreakspace invalid in math mode on input line 478.


LaTeX Warning: Command \nobreakspace invalid in math mode on input line 481.


LaTeX Warning: Command \nobreakspace invalid in math mode on input line 481.


LaTeX Warning: Command \nobreakspace invalid in math mode on input line 481.


LaTeX Warning: Command \nobreakspace invalid in math mode on input line 481.


LaTeX Warning: Command \nobreakspace invalid in math mode on input line 492.


LaTeX Warning: Command \nobreakspace invalid in math mode on input line 492.


LaTeX Warning: Command \nobreakspace invalid in math mode on input line 492.


LaTeX Warning: Command \nobreakspace invalid in math mode on input line 492.

[119] [120] [121]

LaTeX Warning: Command \nobreakspace invalid in math mode on input line 524.


LaTeX Warning: Command \nobreakspace invalid in math mode on input line 524.


LaTeX Warning: Command \nobreakspace invalid in math mode on input line 526.


Overfull \hbox (33.70929pt too wide) in paragraph at lines 526--527
[]\EU1/lmr/m/n/12 For both mass selections, the estimated comoving merger rate density, $\OMS/cmsy/m/n/12 R$ \EU1/lmr/m/n/12 ($[][] [][][]$),
 []

) (./chapter/Chapter4/reionization.tex [122]
Chapter 4.
[123

] [124] [125] [126] [127] [128]
File: chapter/Chapter4/plots/Fig1a.pdf Graphic file (type QTm)
 <use  "chapter/Chapter4/plots/Fig1a.pdf" >
File: chapter/Chapter4/plots/Fig1b.pdf Graphic file (type QTm)
 <use  "chapter/Chapter4/plots/Fig1b.pdf" > [129] [130] [131]
File: chapter/Chapter4/plots/Fig2.pdf Graphic file (type QTm)
 <use  "chapter/Chapter4/plots/Fig2.pdf" > [132] [133] [134]
File: chapter/Chapter4/plots/Fig3.pdf Graphic file (type QTm)
 <use  "chapter/Chapter4/plots/Fig3.pdf" > [135] [136] [137]

LaTeX Warning: Command \AA invalid in math mode on input line 146.


LaTeX Warning: Command \r invalid in math mode on input line 146.


LaTeX Warning: Command \AA invalid in math mode on input line 146.


LaTeX Warning: Command \r invalid in math mode on input line 146.

[138]

LaTeX Warning: Command \AA invalid in math mode on input line 154.


LaTeX Warning: Command \r invalid in math mode on input line 154.


LaTeX Warning: Command \AA invalid in math mode on input line 154.


LaTeX Warning: Command \r invalid in math mode on input line 154.

[139] [140]
File: chapter/Chapter4/plots/Fig4.pdf Graphic file (type QTm)
 <use  "chapter/Chapter4/plots/Fig4.pdf" > [141] [142]

LaTeX Warning: Command \AA invalid in math mode on input line 203.


LaTeX Warning: Command \r invalid in math mode on input line 203.


LaTeX Warning: Command \nobreakspace invalid in math mode on input line 206.


LaTeX Warning: Command \nobreakspace invalid in math mode on input line 206.

[143]
Overfull \hbox (1.05586pt too wide) in paragraph at lines 212--213
[]\EU1/lmr/m/n/12 For galaxies closer to the epoch of reionization, constraints on the Balmer/D(4000)
 []


Overfull \hbox (11.78577pt too wide) in paragraph at lines 221--222
[]\EU1/lmr/m/n/12 Recent observations of galaxies at high-redshift with constraints on the UV emission-
 []


Overfull \hbox (1.545pt too wide) in paragraph at lines 221--222
\EU1/lmr/m/n/12 line strengths (Ly$\OML/cmm/m/it/12 ^^K$ \EU1/lmr/m/n/12 or otherwise) have found that single-component star-formation
 []

[144] [145] [146]

LaTeX Warning: Command \AA invalid in math mode on input line 241.


LaTeX Warning: Command \r invalid in math mode on input line 241.


LaTeX Warning: Command \AA invalid in math mode on input line 241.


LaTeX Warning: Command \r invalid in math mode on input line 241.


LaTeX Warning: Command \AA invalid in math mode on input line 241.


LaTeX Warning: Command \r invalid in math mode on input line 241.


LaTeX Warning: Command \AA invalid in math mode on input line 241.


LaTeX Warning: Command \r invalid in math mode on input line 241.

[147] [148] [149]
File: chapter/Chapter4/plots/Fig5a.pdf Graphic file (type QTm)
 <use  "chapter/Chapter4/plots/Fig5a.pdf" >
File: chapter/Chapter4/plots/Fig5b.pdf Graphic file (type QTm)
 <use  "chapter/Chapter4/plots/Fig5b.pdf" >
File: chapter/Chapter4/plots/Fig5c.pdf Graphic file (type QTm)
 <use  "chapter/Chapter4/plots/Fig5c.pdf" >
File: chapter/Chapter4/plots/Fig6a.pdf Graphic file (type QTm)
 <use  "chapter/Chapter4/plots/Fig6a.pdf" >
File: chapter/Chapter4/plots/Fig6b.pdf Graphic file (type QTm)
 <use  "chapter/Chapter4/plots/Fig6b.pdf" >
File: chapter/Chapter4/plots/Fig6c.pdf Graphic file (type QTm)
 <use  "chapter/Chapter4/plots/Fig6c.pdf" > [150] [151] [152


] [153]
File: chapter/Chapter4/plots/Fig7a.pdf Graphic file (type QTm)
 <use  "chapter/Chapter4/plots/Fig7a.pdf" >
File: chapter/Chapter4/plots/Fig7b.pdf Graphic file (type QTm)
 <use  "chapter/Chapter4/plots/Fig7b.pdf" > [154] [155]

LaTeX Warning: Command \nobreakspace invalid in math mode on input line 345.


LaTeX Warning: Command \nobreakspace invalid in math mode on input line 345.

[156] [157]

LaTeX Warning: Command \nobreakspace invalid in math mode on input line 370.


LaTeX Warning: Command \nobreakspace invalid in math mode on input line 372.

[158]
File: chapter/Chapter4/plots/Fig8.pdf Graphic file (type QTm)
 <use  "chapter/Chapter4/plots/Fig8.pdf" > [159] [160] [161] [162] [163]
File: chapter/Chapter4/plots/Fig9a.pdf Graphic file (type QTm)
 <use  "chapter/Chapter4/plots/Fig9a.pdf" >
File: chapter/Chapter4/plots/Fig9b.pdf Graphic file (type QTm)
 <use  "chapter/Chapter4/plots/Fig9b.pdf" > [164] [165] [166]
File: chapter/Chapter4/plots/Fig10a.pdf Graphic file (type QTm)
 <use  "chapter/Chapter4/plots/Fig10a.pdf" >
File: chapter/Chapter4/plots/Fig10b.pdf Graphic file (type QTm)
 <use  "chapter/Chapter4/plots/Fig10b.pdf" > [167] [168] [169]
Overfull \hbox (8.82309pt too wide) in paragraph at lines 465--466
\EU1/lmr/m/n/12 agreement with the colour evolution predictions of this work (Razoumov & Sommer-
 []

[170]

LaTeX Warning: Command \nobreakspace invalid in math mode on input line 476.

[171] [172]) (./chapter/Conclusions/Conclusions.tex [173]
Chapter 5.
[174

] [175]

LaTeX Warning: Command \nobreakspace invalid in math mode on input line 19.


LaTeX Warning: Command \nobreakspace invalid in math mode on input line 19.

[176] [177] [178] [179]) (./appendix/appendices.tex [180] [181

]) (./appendix/app1/a1.tex
Appendix A.
(./appendix/app1/EoR_data/EoRtable_Bouwens_rho.txt) (./appendix/app1/EoR_data/EoRtable_Bouwens_rho_m15.txt) (./appendix/app1/EoR_data/EoRtable_Bouwens_rho_m13.txt) (./appendix/app1/EoR_data/EoRtable_Bouwens.txt) (./appendix/app1/EoR_data/EoRtable_Bouwens_m15.txt) (./appendix/app1/EoR_data/EoRtable_Bouwens_m13.txt) (./appendix/app1/EoR_data/EoRtable_Bouwens_z_shal.txt) (./appendix/app1/EoR_data/EoRtable_Bouwens_z_shal_m15.txt) (./appendix/app1/EoR_data/EoRtable_Bouwens_z_shal_m13.txt) (./appendix/app1/EoR_data/EoRtable_Bouwens_z.txt) (./appendix/app1/EoR_data/EoRtable_Bouwens_z_m15.txt) (./appendix/app1/EoR_data/EoRtable_Bouwens_z_m13.txt) (./appendix/app1/EoR_data/EoRtable_Bouwens_zMuv_shal.txt) (./appendix/app1/EoR_data/EoRtable_Bouwens_zMuv_shal_m15.txt) (./appendix/app1/EoR_data/EoRtable_Bouwens_zMuv_shal_m13.txt) (./appendix/app1/EoR_data/EoRtable_Bouwens_zMuv.txt) (./appendix/app1/EoR_data/EoRtable_Bouwens_zMuv_m15.txt) (./appendix/app1/EoR_data/EoRtable_Bouwens_zMuv_m13.txt)
Overfull \hbox (13.57889pt too wide) in paragraph at lines 8--69
[][]
 []


Overfull \hbox (14.8824pt too wide) in paragraph at lines 8--69
[]
 []

(./appendix/app1/EoR_data/EoRtable_Fink_rho.txt) (./appendix/app1/EoR_data/EoRtable_Fink_rho_m15.txt) (./appendix/app1/EoR_data/EoRtable_Fink_rho_m13.txt) (./appendix/app1/EoR_data/EoRtable_Fink.txt) (./appendix/app1/EoR_data/EoRtable_Fink_m15.txt) (./appendix/app1/EoR_data/EoRtable_Fink_m13.txt) (./appendix/app1/EoR_data/EoRtable_Fink_z_shal.txt) (./appendix/app1/EoR_data/EoRtable_Fink_z_shal_m15.txt) (./appendix/app1/EoR_data/EoRtable_Fink_z_shal_m13.txt) (./appendix/app1/EoR_data/EoRtable_Fink_z.txt) (./appendix/app1/EoR_data/EoRtable_Fink_z_m15.txt) (./appendix/app1/EoR_data/EoRtable_Fink_z_m13.txt) (./appendix/app1/EoR_data/EoRtable_Fink_zMuv_shal.txt) (./appendix/app1/EoR_data/EoRtable_Fink_zMuv_shal_m15.txt) (./appendix/app1/EoR_data/EoRtable_Fink_zMuv_shal_m13.txt) (./appendix/app1/EoR_data/EoRtable_Fink_zMuv.txt) (./appendix/app1/EoR_data/EoRtable_Fink_zMuv_m15.txt) (./appendix/app1/EoR_data/EoRtable_Fink_zMuv_m13.txt)
Overfull \hbox (13.57889pt too wide) in paragraph at lines 74--135
[][]
 []


Overfull \hbox (14.8824pt too wide) in paragraph at lines 74--135
[]
 []

) [182


] (/Users/ken/Documents/PhD/Thesis/ThesisGit/.texpadtmp/thesis.bbl [183] [184] [185

]
Missing character: There is no  in font [lmroman12-italic]:mapping=tex-text!
Missing character: There is no  in font [lmroman12-italic]:mapping=tex-text!

Underfull \hbox (badness 1371) in paragraph at lines 140--146
\EU1/lmr/m/it/12 ApJ\EU1/lmr/m/n/12 , \EU1/lmr/bx/n/12 616(2)\EU1/lmr/m/n/12 , L79.  \EU1/lmr/m/it/12 Galaxies at [FORMULA][F]z 7-8[/F][/FORMULA]:
 []

[186]
Missing character: There is no  in font [lmroman12-italic]:mapping=tex-text!
Missing character: There is no  in font [lmroman12-italic]:mapping=tex-text!
Missing character: There is no  in font [lmroman12-italic]:mapping=tex-text!
Missing character: There is no  in font [lmroman12-italic]:mapping=tex-text!
Missing character: There is no  in font [lmroman12-italic]:mapping=tex-text!
Missing character: There is no  in font [lmroman12-italic]:mapping=tex-text!
Missing character: There is no  in font [lmroman12-italic]:mapping=tex-text!
 [187]
Missing character: There is no  in font [lmroman12-italic]:mapping=tex-text!
Missing character: There is no  in font [lmroman12-italic]:mapping=tex-text!
Missing character: There is no  in font [lmroman12-italic]:mapping=tex-text!
 [188]
Missing character: There is no  in font [lmroman12-italic]:mapping=tex-text!
 [189]
Missing character: There is no  in font [lmroman12-italic]:mapping=tex-text!
 [190]
Missing character: There is no  in font [lmroman12-italic]:mapping=tex-text!
Missing character: There is no  in font [lmroman12-italic]:mapping=tex-text!
 [191] [192] [193]
Missing character: There is no  in font [lmroman12-italic]:mapping=tex-text!
Missing character: There is no  in font [lmroman12-italic]:mapping=tex-text!
Missing character: There is no  in font [lmroman12-italic]:mapping=tex-text!
Missing character: There is no  in font [lmroman12-italic]:mapping=tex-text!
Missing character: There is no  in font [lmroman12-italic]:mapping=tex-text!
 [194] [195]
Missing character: There is no  in font [lmroman12-italic]:mapping=tex-text!
Missing character: There is no  in font [lmroman12-italic]:mapping=tex-text!
Missing character: There is no  in font [lmroman12-italic]:mapping=tex-text!
Missing character: There is no  in font [lmroman12-italic]:mapping=tex-text!
Missing character: There is no  in font [lmroman12-italic]:mapping=tex-text!
 [196]
Missing character: There is no  in font [lmroman12-italic]:mapping=tex-text!
Missing character: There is no  in font [lmroman12-italic]:mapping=tex-text!
Missing character: There is no  in font [lmroman12-italic]:mapping=tex-text!
 [197] [198]
Missing character: There is no  in font [lmroman12-italic]:mapping=tex-text!
 [199]
Missing character: There is no  in font [lmroman12-italic]:mapping=tex-text!
Missing character: There is no  in font [lmroman12-italic]:mapping=tex-text!
Missing character: There is no  in font [lmroman12-italic]:mapping=tex-text!
 [200] [201] [202]
Missing character: There is no  in font [lmroman12-italic]:mapping=tex-text!
Missing character: There is no  in font [lmroman12-italic]:mapping=tex-text!
Missing character: There is no  in font [lmroman12-italic]:mapping=tex-text!
Missing character: There is no  in font [lmroman12-italic]:mapping=tex-text!
 [203]
Missing character: There is no  in font [lmroman12-italic]:mapping=tex-text!
 [204]
Missing character: There is no  in font [lmroman12-italic]:mapping=tex-text!
Missing character: There is no  in font [lmroman12-italic]:mapping=tex-text!
Missing character: There is no  in font [lmroman12-italic]:mapping=tex-text!
 [205]
Missing character: There is no  in font [lmroman12-italic]:mapping=tex-text!
Missing character: There is no  in font [lmroman12-italic]:mapping=tex-text!
Missing character: There is no  in font [lmroman12-italic]:mapping=tex-text!
 [206]
Missing character: There is no  in font [lmroman12-italic]:mapping=tex-text!
Missing character: There is no  in font [lmroman12-italic]:mapping=tex-text!
 [207]
Missing character: There is no  in font [lmroman12-italic]:mapping=tex-text!
Missing character: There is no  in font [lmroman12-italic]:mapping=tex-text!
Missing character: There is no  in font [lmroman12-italic]:mapping=tex-text!
 [208] [209] [210]
Missing character: There is no  in font [lmroman12-italic]:mapping=tex-text!

Underfull \hbox (badness 1137) in paragraph at lines 2010--2016
\EU1/lmr/m/n/12 Cabrera Lavers A., Gallego J., Hernan Caballero A., Herrera Ruiz N.,
 []

[211]
Missing character: There is no  in font [lmroman12-italic]:mapping=tex-text!
Missing character: There is no  in font [lmroman12-italic]:mapping=tex-text!
Missing character: There is no  in font [lmroman12-italic]:mapping=tex-text!
Missing character: There is no  in font [lmroman12-italic]:mapping=tex-text!
Missing character: There is no  in font [lmroman12-italic]:mapping=tex-text!
 [212]
Missing character: There is no  in font [lmroman12-italic]:mapping=tex-text!
Missing character: There is no  in font [lmroman12-italic]:mapping=tex-text!
Missing character: There is no  in font [lmroman12-italic]:mapping=tex-text!
Missing character: There is no  in font [lmroman12-italic]:mapping=tex-text!
Missing character: There is no  in font [lmroman12-italic]:mapping=tex-text!
Missing character: There is no  in font [lmroman12-italic]:mapping=tex-text!
 [213]
Missing character: There is no  in font [lmroman12-italic]:mapping=tex-text!
Missing character: There is no  in font [lmroman12-italic]:mapping=tex-text!
Missing character: There is no  in font [lmroman12-italic]:mapping=tex-text!
 [214]
Missing character: There is no  in font [lmroman12-italic]:mapping=tex-text!
Missing character: There is no  in font [lmroman12-italic]:mapping=tex-text!
Missing character: There is no  in font [lmroman12-italic]:mapping=tex-text!
Missing character: There is no  in font [lmroman12-italic]:mapping=tex-text!
Missing character: There is no  in font [lmroman12-italic]:mapping=tex-text!
Missing character: There is no  in font [lmroman12-italic]:mapping=tex-text!
 [215]
Missing character: There is no  in font [lmroman12-italic]:mapping=tex-text!
 [216]
Missing character: There is no  in font [lmroman12-italic]:mapping=tex-text!
 [217]
Missing character: There is no  in font [lmroman12-italic]:mapping=tex-text!
 [218])

Package natbib Warning: There were undefined citations.

[219] (/Users/ken/Documents/PhD/Thesis/ThesisGit/.texpadtmp/thesis.aux)

LaTeX Warning: There were undefined references.


LaTeX Warning: There were multiply-defined labels.

 ) 
Here is how much of TeX's memory you used:
 15440 strings out of 494150
 270396 string characters out of 3152950
 362112 words of memory out of 3000000
 18183 multiletter control sequences out of 15000+200000
 21696 words of font info for 123 fonts, out of 3000000 for 9000
 1018 hyphenation exceptions out of 8191
 40i,18n,80p,2017b,1003s stack positions out of 5000i,500n,10000p,200000b,50000s

Output written on /Users/ken/Documents/PhD/Thesis/ThesisGit/.texpadtmp/thesis.pdf (233 pages).
